2025-08-24 22:55:24 crtsurfdata started.
2025-08-24 22:55:24 load_data(/root/C++/selfC++Framework/idc/ini/stcode.ini) sussess.
2025-08-24 22:55:24 共有839个站点
2025-08-24 22:55:24 crt_surf_data() sussess.
2025-08-24 22:55:24 end write_data_to_file, /root/C++/selfC++Framework/idc/output/surfdata//SURF_ZH_20250824225500_199726.csv, csv, 839
2025-08-24 22:55:24 end write_data_to_file, /root/C++/selfC++Framework/idc/output/surfdata//SURF_ZH_20250824225500_199726.xml, xml, 839
2025-08-24 22:55:24 end write_data_to_file, /root/C++/selfC++Framework/idc/output/surfdata//SURF_ZH_20250824225500_199726.json, json, 839
2025-08-24 22:55:24 crtsurfdata exit.
2025-08-25 09:03:53 crtsurfdata started.
2025-08-25 09:03:53 load_data(/root/C++/selfC++Framework/idc/ini/stcode.ini) sussess.
2025-08-25 09:03:53 共有839个站点
2025-08-25 09:03:53 crt_surf_data() sussess.
2025-08-25 09:03:53 end write_data_to_file, /root/C++/selfC++Framework/idc/output/surfdata//SURF_ZH_20250825090300_200890.csv, csv, 839
2025-08-25 09:03:53 end write_data_to_file, /root/C++/selfC++Framework/idc/output/surfdata//SURF_ZH_20250825090300_200890.xml, xml, 839
2025-08-25 09:03:53 end write_data_to_file, /root/C++/selfC++Framework/idc/output/surfdata//SURF_ZH_20250825090300_200890.json, json, 839
2025-08-25 09:03:53 crtsurfdata exit.
2025-08-25 09:04:03 crtsurfdata started.
2025-08-25 09:04:03 load_data(/root/C++/selfC++Framework/idc/ini/stcode.ini) sussess.
2025-08-25 09:04:03 共有839个站点
2025-08-25 09:04:03 crt_surf_data() sussess.
2025-08-25 09:04:03 end write_data_to_file, /root/C++/selfC++Framework/idc/output/surfdata//SURF_ZH_20250825090400_200933.csv, csv, 839
2025-08-25 09:04:03 end write_data_to_file, /root/C++/selfC++Framework/idc/output/surfdata//SURF_ZH_20250825090400_200933.xml, xml, 839
2025-08-25 09:04:03 end write_data_to_file, /root/C++/selfC++Framework/idc/output/surfdata//SURF_ZH_20250825090400_200933.json, json, 839
2025-08-25 09:04:03 crtsurfdata exit.
2025-08-25 09:04:13 crtsurfdata started.
2025-08-25 09:04:13 load_data(/root/C++/selfC++Framework/idc/ini/stcode.ini) sussess.
2025-08-25 09:04:13 共有839个站点
2025-08-25 09:04:13 crt_surf_data() sussess.
2025-08-25 09:04:13 end write_data_to_file, /root/C++/selfC++Framework/idc/output/surfdata//SURF_ZH_20250825090400_200957.csv, csv, 839
2025-08-25 09:04:13 end write_data_to_file, /root/C++/selfC++Framework/idc/output/surfdata//SURF_ZH_20250825090400_200957.xml, xml, 839
2025-08-25 09:04:13 end write_data_to_file, /root/C++/selfC++Framework/idc/output/surfdata//SURF_ZH_20250825090400_200957.json, json, 839
2025-08-25 09:04:13 crtsurfdata exit.
2025-08-25 09:04:23 crtsurfdata started.
2025-08-25 09:04:23 load_data(/root/C++/selfC++Framework/idc/ini/stcode.ini) sussess.
2025-08-25 09:04:23 共有839个站点
2025-08-25 09:04:23 crt_surf_data() sussess.
2025-08-25 09:04:23 end write_data_to_file, /root/C++/selfC++Framework/idc/output/surfdata//SURF_ZH_20250825090400_200965.csv, csv, 839
2025-08-25 09:04:23 end write_data_to_file, /root/C++/selfC++Framework/idc/output/surfdata//SURF_ZH_20250825090400_200965.xml, xml, 839
2025-08-25 09:04:23 end write_data_to_file, /root/C++/selfC++Framework/idc/output/surfdata//SURF_ZH_20250825090400_200965.json, json, 839
2025-08-25 09:04:23 crtsurfdata exit.
2025-08-25 09:04:33 crtsurfdata started.
2025-08-25 09:04:33 load_data(/root/C++/selfC++Framework/idc/ini/stcode.ini) sussess.
2025-08-25 09:04:33 共有839个站点
2025-08-25 09:04:33 crt_surf_data() sussess.
2025-08-25 09:04:33 end write_data_to_file, /root/C++/selfC++Framework/idc/output/surfdata//SURF_ZH_20250825090400_200973.csv, csv, 839
2025-08-25 09:04:33 end write_data_to_file, /root/C++/selfC++Framework/idc/output/surfdata//SURF_ZH_20250825090400_200973.xml, xml, 839
2025-08-25 09:04:33 end write_data_to_file, /root/C++/selfC++Framework/idc/output/surfdata//SURF_ZH_20250825090400_200973.json, json, 839
2025-08-25 09:04:33 crtsurfdata exit.
2025-08-25 09:04:43 crtsurfdata started.
2025-08-25 09:04:43 load_data(/root/C++/selfC++Framework/idc/ini/stcode.ini) sussess.
2025-08-25 09:04:43 共有839个站点
2025-08-25 09:04:43 crt_surf_data() sussess.
2025-08-25 09:04:43 end write_data_to_file, /root/C++/selfC++Framework/idc/output/surfdata//SURF_ZH_20250825090400_200983.csv, csv, 839
2025-08-25 09:04:43 end write_data_to_file, /root/C++/selfC++Framework/idc/output/surfdata//SURF_ZH_20250825090400_200983.xml, xml, 839
2025-08-25 09:04:43 end write_data_to_file, /root/C++/selfC++Framework/idc/output/surfdata//SURF_ZH_20250825090400_200983.json, json, 839
2025-08-25 09:04:43 crtsurfdata exit.
2025-08-25 09:04:53 crtsurfdata started.
2025-08-25 09:04:53 load_data(/root/C++/selfC++Framework/idc/ini/stcode.ini) sussess.
2025-08-25 09:04:53 共有839个站点
2025-08-25 09:04:53 crt_surf_data() sussess.
2025-08-25 09:04:53 end write_data_to_file, /root/C++/selfC++Framework/idc/output/surfdata//SURF_ZH_20250825090400_201030.csv, csv, 839
2025-08-25 09:04:53 end write_data_to_file, /root/C++/selfC++Framework/idc/output/surfdata//SURF_ZH_20250825090400_201030.xml, xml, 839
2025-08-25 09:04:53 end write_data_to_file, /root/C++/selfC++Framework/idc/output/surfdata//SURF_ZH_20250825090400_201030.json, json, 839
2025-08-25 09:04:53 crtsurfdata exit.
2025-08-25 09:05:03 crtsurfdata started.
2025-08-25 09:05:03 load_data(/root/C++/selfC++Framework/idc/ini/stcode.ini) sussess.
2025-08-25 09:05:03 共有839个站点
2025-08-25 09:05:03 crt_surf_data() sussess.
2025-08-25 09:05:03 end write_data_to_file, /root/C++/selfC++Framework/idc/output/surfdata//SURF_ZH_20250825090500_201063.csv, csv, 839
2025-08-25 09:05:03 end write_data_to_file, /root/C++/selfC++Framework/idc/output/surfdata//SURF_ZH_20250825090500_201063.xml, xml, 839
2025-08-25 09:05:03 end write_data_to_file, /root/C++/selfC++Framework/idc/output/surfdata//SURF_ZH_20250825090500_201063.json, json, 839
2025-08-25 09:05:03 crtsurfdata exit.
2025-08-25 09:06:11 crtsurfdata started.
2025-08-25 09:06:11 load_data(/root/C++/selfC++Framework/idc/ini/stcode.ini) sussess.
2025-08-25 09:06:11 共有839个站点
2025-08-25 09:06:11 crt_surf_data() sussess.
2025-08-25 09:06:11 end write_data_to_file, /root/C++/selfC++Framework/idc/output/surfdata//SURF_ZH_20250825090600_201256.csv, csv, 839
2025-08-25 09:06:11 end write_data_to_file, /root/C++/selfC++Framework/idc/output/surfdata//SURF_ZH_20250825090600_201256.xml, xml, 839
2025-08-25 09:06:11 end write_data_to_file, /root/C++/selfC++Framework/idc/output/surfdata//SURF_ZH_20250825090600_201256.json, json, 839
2025-08-25 09:06:11 crtsurfdata exit.
2025-08-25 09:15:49 crtsurfdata started.
2025-08-25 09:15:49 load_data(/root/C++/selfC++Framework/idc/ini/stcode.ini) sussess.
2025-08-25 09:15:49 共有839个站点
2025-08-25 09:15:49 crt_surf_data() sussess.
2025-08-25 09:15:49 end write_data_to_file, /root/C++/selfC++Framework/idc/output/surfdata//SURF_ZH_20250825091500_201653.csv, csv, 839
2025-08-25 09:15:49 end write_data_to_file, /root/C++/selfC++Framework/idc/output/surfdata//SURF_ZH_20250825091500_201653.xml, xml, 839
2025-08-25 09:15:49 crtsurfdata exit.
2025-08-25 09:16:16 crtsurfdata started.
2025-08-25 09:16:16 load_data(/root/C++/selfC++Framework/idc/ini/stcode.ini) sussess.
2025-08-25 09:16:16 共有839个站点
2025-08-25 09:16:16 crt_surf_data() sussess.
2025-08-25 09:16:16 end write_data_to_file, /root/C++/selfC++Framework/idc/output/surfdata//SURF_ZH_20250825091600_201786.csv, csv, 839
2025-08-25 09:16:16 end write_data_to_file, /root/C++/selfC++Framework/idc/output/surfdata//SURF_ZH_20250825091600_201786.xml, xml, 839
2025-08-25 09:16:16 crtsurfdata exit.
2025-08-25 09:25:48 crtsurfdata started.
2025-08-25 09:25:48 load_data(/root/C++/selfC++Framework/idc/ini/stcode.ini) sussess.
2025-08-25 09:25:48 共有839个站点
2025-08-25 09:25:48 crt_surf_data() sussess.
2025-08-25 09:25:48 end write_data_to_file, /root/C++/selfC++Framework/idc/output/surfdata//SURF_ZH_20250825092500_202312.csv, csv, 839
2025-08-25 09:25:48 end write_data_to_file, /root/C++/selfC++Framework/idc/output/surfdata//SURF_ZH_20250825092500_202312.xml, xml, 839
2025-08-25 09:25:48 crtsurfdata exit.
2025-08-25 09:26:04 crtsurfdata started.
2025-08-25 09:26:04 load_data(/root/C++/selfC++Framework/idc/ini/stcode.ini) sussess.
2025-08-25 09:26:04 共有839个站点
2025-08-25 09:26:04 crt_surf_data() sussess.
2025-08-25 09:26:04 end write_data_to_file, /root/C++/selfC++Framework/idc/output/surfdata//SURF_ZH_20250825092600_202406.xml, xml, 839
2025-08-25 09:26:04 crtsurfdata exit.
2025-08-25 09:28:14 crtsurfdata started.
2025-08-25 09:28:14 load_data(/root/C++/selfC++Framework/idc/ini/stcode.ini) sussess.
2025-08-25 09:28:14 共有839个站点
2025-08-25 09:28:14 crt_surf_data() sussess.
2025-08-25 09:28:14 end write_data_to_file, /root/C++/selfC++Framework/idc/output/surfdata//SURF_ZH_20250825092800_202617.xml, xml, 839
2025-08-25 09:28:14 crtsurfdata exit.
2025-08-25 09:36:39 crtsurfdata started.
2025-08-25 09:36:39 load_data(/root/C++/selfC++Framework/idc/ini/stcode.ini) sussess.
2025-08-25 09:36:39 共有839个站点
2025-08-25 09:36:39 crt_surf_data() sussess.
2025-08-25 09:36:39 end write_data_to_file, /root/C++/selfC++Framework/idc/output/surfdata//SURF_ZH_20250825093600_203017.xml, xml, 839
2025-08-25 09:36:39 crtsurfdata exit.
2025-08-25 09:37:10 crtsurfdata started.
2025-08-25 09:37:10 load_data(/root/C++/selfC++Framework/idc/ini/stcode.ini) sussess.
2025-08-25 09:37:10 共有839个站点
2025-08-25 09:37:10 crt_surf_data() sussess.
2025-08-25 09:37:10 end write_data_to_file, /root/C++/selfC++Framework/idc/output/surfdata//SURF_ZH_20250825093700_203096.xml, xml, 839
2025-08-25 09:37:10 crtsurfdata exit.
2025-08-25 09:45:08 crtsurfdata started.
2025-08-25 09:45:08 load_data(/root/C++/selfC++Framework/idc/ini/stcode.ini) sussess.
2025-08-25 09:45:08 共有839个站点
2025-08-25 09:45:08 crt_surf_data() sussess.
2025-08-25 09:45:08 end write_data_to_file, /root/C++/selfC++Framework/idc/output/surfdata//SURF_ZH_20250825094500_203719.xml, xml, 839
2025-08-25 09:45:08 crtsurfdata exit.
2025-08-25 09:45:56 crtsurfdata started.
2025-08-25 09:45:56 load_data(/root/C++/selfC++Framework/idc/ini/stcode.ini) sussess.
2025-08-25 09:45:56 共有839个站点
2025-08-25 09:45:56 crt_surf_data() sussess.
2025-08-25 09:45:56 end write_data_to_file, /root/C++/selfC++Framework/idc/output/surfdata//SURF_ZH_20250825094500_203936.xml, xml, 839
2025-08-25 09:45:56 crtsurfdata exit.
2025-08-25 09:46:03 crtsurfdata started.
2025-08-25 09:46:03 load_data(/root/C++/selfC++Framework/idc/ini/stcode.ini) sussess.
2025-08-25 09:46:03 共有839个站点
2025-08-25 09:46:03 crt_surf_data() sussess.
2025-08-25 09:46:03 end write_data_to_file, /root/C++/selfC++Framework/idc/output/surfdata//SURF_ZH_20250825094600_203957.csv, csv, 839
2025-08-25 09:46:03 end write_data_to_file, /root/C++/selfC++Framework/idc/output/surfdata//SURF_ZH_20250825094600_203957.xml, xml, 839
2025-08-25 09:46:03 crtsurfdata exit.
2025-08-25 09:46:25 crtsurfdata started.
2025-08-25 09:46:25 load_data(/root/C++/selfC++Framework/idc/ini/stcode.ini) sussess.
2025-08-25 09:46:25 共有839个站点
2025-08-25 09:46:25 crt_surf_data() sussess.
2025-08-25 09:46:25 end write_data_to_file, /root/C++/selfC++Framework/idc/output/surfdata//SURF_ZH_20250825094600_204027.xml, xml, 839
2025-08-25 09:46:25 crtsurfdata exit.
2025-08-25 09:50:08 crtsurfdata started.
2025-08-25 09:50:08 load_data(/root/C++/selfC++Framework/idc/ini/stcode.ini) sussess.
2025-08-25 09:50:08 共有839个站点
2025-08-25 09:50:08 crt_surf_data() sussess.
2025-08-25 09:50:08 end write_data_to_file, /root/C++/selfC++Framework/idc/output/surfdata//SURF_ZH_20250825095000_204443.xml, xml, 839
2025-08-25 09:50:08 crtsurfdata exit.
2025-08-25 09:51:29 crtsurfdata started.
2025-08-25 09:51:29 load_data(/root/C++/selfC++Framework/idc/ini/stcode.ini) sussess.
2025-08-25 09:51:29 共有839个站点
2025-08-25 09:51:29 crt_surf_data() sussess.
2025-08-25 09:51:29 end write_data_to_file, /root/C++/selfC++Framework/idc/output/surfdata//SURF_ZH_20250825095100_204650.xml, xml, 839
2025-08-25 09:51:29 crtsurfdata exit.
2025-08-25 09:52:45 crtsurfdata started.
2025-08-25 09:52:45 load_data(/root/C++/selfC++Framework/idc/ini/stcode.ini) sussess.
2025-08-25 09:52:45 共有839个站点
2025-08-25 09:52:45 crt_surf_data() sussess.
2025-08-25 09:52:45 end write_data_to_file, /root/C++/selfC++Framework/idc/output/surfdata//SURF_ZH_20250825095200_204823.xml, xml, 839
2025-08-25 09:52:45 crtsurfdata exit.
2025-08-25 09:52:57 crtsurfdata started.
2025-08-25 09:52:57 load_data(/root/C++/selfC++Framework/idc/ini/stcode.ini) sussess.
2025-08-25 09:52:57 共有839个站点
2025-08-25 09:52:57 crt_surf_data() sussess.
2025-08-25 09:52:57 end write_data_to_file, /root/C++/selfC++Framework/idc/output/surfdata//SURF_ZH_20250825095200_204900.xml, xml, 839
2025-08-25 09:52:57 crtsurfdata exit.
2025-08-25 09:53:15 crtsurfdata started.
2025-08-25 09:53:15 load_data(/root/C++/selfC++Framework/idc/ini/stcode.ini) sussess.
2025-08-25 09:53:15 共有839个站点
2025-08-25 09:53:15 crt_surf_data() sussess.
2025-08-25 09:53:15 end write_data_to_file, /root/C++/selfC++Framework/idc/output/surfdata//SURF_ZH_20250825095300_204959.xml, xml, 839
2025-08-25 09:53:15 crtsurfdata exit.
2025-08-25 09:53:27 crtsurfdata started.
2025-08-25 09:53:27 load_data(/root/C++/selfC++Framework/idc/ini/stcode.ini) sussess.
2025-08-25 09:53:27 共有839个站点
2025-08-25 09:53:27 crt_surf_data() sussess.
2025-08-25 09:53:27 end write_data_to_file, /root/C++/selfC++Framework/idc/output/surfdata//SURF_ZH_20250825095300_205028.xml, xml, 839
2025-08-25 09:53:27 crtsurfdata exit.
2025-08-25 09:53:38 crtsurfdata started.
2025-08-25 09:53:38 load_data(/root/C++/selfC++Framework/idc/ini/stcode.ini) sussess.
2025-08-25 09:53:38 共有839个站点
2025-08-25 09:53:38 crt_surf_data() sussess.
2025-08-25 09:53:38 end write_data_to_file, /root/C++/selfC++Framework/idc/output/surfdata//SURF_ZH_20250825095300_205094.xml, xml, 839
2025-08-25 09:53:38 crtsurfdata exit.
2025-08-25 09:55:23 crtsurfdata started.
2025-08-25 09:55:23 load_data(/root/C++/selfC++Framework/idc/ini/stcode.ini) sussess.
2025-08-25 09:55:23 共有839个站点
2025-08-25 09:55:23 crt_surf_data() sussess.
2025-08-25 09:55:23 end write_data_to_file, /root/C++/selfC++Framework/idc/output/surfdata//SURF_ZH_20250825095500_205327.xml, xml, 839
2025-08-25 09:55:23 crtsurfdata exit.
2025-08-25 09:56:57 crtsurfdata started.
2025-08-25 09:56:57 load_data(/root/C++/selfC++Framework/idc/ini/stcode.ini) sussess.
2025-08-25 09:56:57 共有839个站点
2025-08-25 09:56:57 crt_surf_data() sussess.
2025-08-25 09:56:57 end write_data_to_file, /root/C++/selfC++Framework/idc/output/surfdata//SURF_ZH_20250825095600_205623.xml, xml, 839
2025-08-25 09:56:57 crtsurfdata exit.
2025-08-25 09:57:11 crtsurfdata started.
2025-08-25 09:57:11 load_data(/root/C++/selfC++Framework/idc/ini/stcode.ini) sussess.
2025-08-25 09:57:11 共有839个站点
2025-08-25 09:57:11 crt_surf_data() sussess.
2025-08-25 09:57:11 end write_data_to_file, /root/C++/selfC++Framework/idc/output/surfdata//SURF_ZH_20250825095700_205680.xml, xml, 839
2025-08-25 09:57:11 crtsurfdata exit.
2025-08-25 09:57:22 crtsurfdata started.
2025-08-25 09:57:22 load_data(/root/C++/selfC++Framework/idc/ini/stcode.ini) sussess.
2025-08-25 09:57:22 共有839个站点
2025-08-25 09:57:22 crt_surf_data() sussess.
2025-08-25 09:57:22 end write_data_to_file, /root/C++/selfC++Framework/idc/output/surfdata//SURF_ZH_20250825095700_205724.xml, xml, 839
2025-08-25 09:57:22 crtsurfdata exit.
2025-08-25 10:02:14 crtsurfdata started.
2025-08-25 10:02:14 load_data(/root/C++/selfC++Framework/idc/ini/stcode.ini) sussess.
2025-08-25 10:02:14 共有839个站点
2025-08-25 10:02:14 crt_surf_data() sussess.
2025-08-25 10:02:14 end write_data_to_file, /root/C++/selfC++Framework/idc/output/surfdata//SURF_ZH_20250825100200_205978.xml, xml, 839
2025-08-25 10:02:14 crtsurfdata exit.
2025-08-25 10:02:21 crtsurfdata started.
2025-08-25 10:02:21 load_data(/root/C++/selfC++Framework/idc/ini/stcode.ini) sussess.
2025-08-25 10:02:21 共有839个站点
2025-08-25 10:02:21 crt_surf_data() sussess.
2025-08-25 10:02:21 end write_data_to_file, /root/C++/selfC++Framework/idc/output/surfdata//SURF_ZH_20250825100200_206016.xml, xml, 839
2025-08-25 10:02:21 crtsurfdata exit.
2025-08-25 10:02:52 crtsurfdata started.
2025-08-25 10:02:52 load_data(/root/C++/selfC++Framework/idc/ini/stcode.ini) sussess.
2025-08-25 10:02:52 共有839个站点
2025-08-25 10:02:52 crt_surf_data() sussess.
2025-08-25 10:02:52 end write_data_to_file, /root/C++/selfC++Framework/idc/output/surfdata//SURF_ZH_20250825100200_206097.xml, xml, 839
2025-08-25 10:02:52 crtsurfdata exit.
2025-08-25 10:05:13 crtsurfdata started.
2025-08-25 10:05:13 load_data(/root/C++/selfC++Framework/idc/ini/stcode.ini) sussess.
2025-08-25 10:05:13 共有839个站点
2025-08-25 10:05:13 crt_surf_data() sussess.
2025-08-25 10:05:13 end write_data_to_file, /root/C++/selfC++Framework/idc/output/surfdata//SURF_ZH_20250825100500_206216.xml, xml, 839
2025-08-25 10:05:13 crtsurfdata exit.
2025-08-25 10:08:36 crtsurfdata started.
2025-08-25 10:08:36 load_data(/root/C++/selfC++Framework/idc/ini/stcode.ini) sussess.
2025-08-25 10:08:36 共有839个站点
2025-08-25 10:08:36 crt_surf_data() sussess.
2025-08-25 10:08:36 end write_data_to_file, /root/C++/selfC++Framework/idc/output/surfdata//SURF_ZH_20250825100800_206387.xml, xml, 839
2025-08-25 10:08:36 crtsurfdata exit.
2025-08-25 10:11:49 crtsurfdata started.
2025-08-25 10:11:49 load_data(/root/C++/selfC++Framework/idc/ini/stcode.ini) sussess.
2025-08-25 10:11:49 共有839个站点
2025-08-25 10:11:49 crt_surf_data() sussess.
2025-08-25 10:11:49 end write_data_to_file, /root/C++/selfC++Framework/idc/output/surfdata//SURF_ZH_20250825101100_207341.xml, xml, 839
2025-08-25 10:11:49 crtsurfdata exit.
2025-08-25 11:55:24 crtsurfdata started.
2025-08-25 11:55:24 load_data(/root/C++/selfC++Framework/idc/ini/stcode.ini) sussess.
2025-08-25 11:55:24 共有839个站点
2025-08-25 11:55:24 crt_surf_data() sussess.
2025-08-25 11:55:24 end write_data_to_file, /root/C++/selfC++Framework/idc/output/surfdata//SURF_ZH_20250825115500_212851.xml, xml, 839
2025-08-25 11:55:24 crtsurfdata exit.
