2025-07-10 10:39:21 crtsurfdata started.
2025-07-10 10:39:21 load_data(/root/C++/selfC++Framework/idc/ini/stcode.ini) sussess.
2025-07-10 10:39:21 共有839个站点
2025-07-10 10:39:21 crt_surf_data() sussess.
2025-07-10 10:39:21 end write_data_to_file, /root/C++/selfC++Framework/idc/output/surfdata//SURF_ZH_20250710103900_6356.csv, csv, 839
2025-07-10 10:39:21 end write_data_to_file, /root/C++/selfC++Framework/idc/output/surfdata//SURF_ZH_20250710103900_6356.xml, xml, 839
2025-07-10 10:39:21 end write_data_to_file, /root/C++/selfC++Framework/idc/output/surfdata//SURF_ZH_20250710103900_6356.json, json, 839
2025-07-10 10:39:21 crtsurfdata exit.
2025-07-10 10:39:31 crtsurfdata started.
2025-07-10 10:39:31 load_data(/root/C++/selfC++Framework/idc/ini/stcode.ini) sussess.
2025-07-10 10:39:31 共有839个站点
2025-07-10 10:39:31 crt_surf_data() sussess.
2025-07-10 10:39:31 end write_data_to_file, /root/C++/selfC++Framework/idc/output/surfdata//SURF_ZH_20250710103900_6381.csv, csv, 839
2025-07-10 10:39:31 end write_data_to_file, /root/C++/selfC++Framework/idc/output/surfdata//SURF_ZH_20250710103900_6381.xml, xml, 839
2025-07-10 10:39:31 end write_data_to_file, /root/C++/selfC++Framework/idc/output/surfdata//SURF_ZH_20250710103900_6381.json, json, 839
2025-07-10 10:39:31 crtsurfdata exit.
2025-07-10 10:39:41 crtsurfdata started.
2025-07-10 10:39:41 load_data(/root/C++/selfC++Framework/idc/ini/stcode.ini) sussess.
2025-07-10 10:39:41 共有839个站点
2025-07-10 10:39:41 crt_surf_data() sussess.
2025-07-10 10:39:41 end write_data_to_file, /root/C++/selfC++Framework/idc/output/surfdata//SURF_ZH_20250710103900_6382.csv, csv, 839
2025-07-10 10:39:41 end write_data_to_file, /root/C++/selfC++Framework/idc/output/surfdata//SURF_ZH_20250710103900_6382.xml, xml, 839
2025-07-10 10:39:41 end write_data_to_file, /root/C++/selfC++Framework/idc/output/surfdata//SURF_ZH_20250710103900_6382.json, json, 839
2025-07-10 10:39:41 crtsurfdata exit.
2025-07-10 10:39:51 crtsurfdata started.
2025-07-10 10:39:51 load_data(/root/C++/selfC++Framework/idc/ini/stcode.ini) sussess.
2025-07-10 10:39:51 共有839个站点
2025-07-10 10:39:51 crt_surf_data() sussess.
2025-07-10 10:39:51 end write_data_to_file, /root/C++/selfC++Framework/idc/output/surfdata//SURF_ZH_20250710103900_6384.csv, csv, 839
2025-07-10 10:39:51 end write_data_to_file, /root/C++/selfC++Framework/idc/output/surfdata//SURF_ZH_20250710103900_6384.xml, xml, 839
2025-07-10 10:39:51 end write_data_to_file, /root/C++/selfC++Framework/idc/output/surfdata//SURF_ZH_20250710103900_6384.json, json, 839
2025-07-10 10:39:51 crtsurfdata exit.
2025-07-10 10:40:01 crtsurfdata started.
2025-07-10 10:40:01 load_data(/root/C++/selfC++Framework/idc/ini/stcode.ini) sussess.
2025-07-10 10:40:01 共有839个站点
2025-07-10 10:40:01 crt_surf_data() sussess.
2025-07-10 10:40:01 end write_data_to_file, /root/C++/selfC++Framework/idc/output/surfdata//SURF_ZH_20250710104000_6386.csv, csv, 839
2025-07-10 10:40:01 end write_data_to_file, /root/C++/selfC++Framework/idc/output/surfdata//SURF_ZH_20250710104000_6386.xml, xml, 839
2025-07-10 10:40:01 end write_data_to_file, /root/C++/selfC++Framework/idc/output/surfdata//SURF_ZH_20250710104000_6386.json, json, 839
2025-07-10 10:40:01 crtsurfdata exit.
2025-07-10 10:40:11 crtsurfdata started.
2025-07-10 10:40:11 load_data(/root/C++/selfC++Framework/idc/ini/stcode.ini) sussess.
2025-07-10 10:40:11 共有839个站点
2025-07-10 10:40:11 crt_surf_data() sussess.
2025-07-10 10:40:11 end write_data_to_file, /root/C++/selfC++Framework/idc/output/surfdata//SURF_ZH_20250710104000_6396.csv, csv, 839
2025-07-10 10:40:11 end write_data_to_file, /root/C++/selfC++Framework/idc/output/surfdata//SURF_ZH_20250710104000_6396.xml, xml, 839
2025-07-10 10:40:11 end write_data_to_file, /root/C++/selfC++Framework/idc/output/surfdata//SURF_ZH_20250710104000_6396.json, json, 839
2025-07-10 10:40:11 crtsurfdata exit.
2025-07-10 11:42:33 crtsurfdata started.
2025-07-10 11:42:33 load_data(/root/C++/selfC++Framework/idc/ini/stcode.ini) sussess.
2025-07-10 11:42:33 共有839个站点
2025-07-10 11:42:33 crt_surf_data() sussess.
2025-07-10 11:42:33 end write_data_to_file, /root/C++/selfC++Framework/idc/output/surfdata//SURF_ZH_20250710114200_3311.csv, csv, 839
2025-07-10 11:42:33 end write_data_to_file, /root/C++/selfC++Framework/idc/output/surfdata//SURF_ZH_20250710114200_3311.xml, xml, 839
2025-07-10 11:42:33 end write_data_to_file, /root/C++/selfC++Framework/idc/output/surfdata//SURF_ZH_20250710114200_3311.json, json, 839
2025-07-10 11:42:33 crtsurfdata exit.
2025-07-10 11:43:33 crtsurfdata started.
2025-07-10 11:43:33 load_data(/root/C++/selfC++Framework/idc/ini/stcode.ini) sussess.
2025-07-10 11:43:33 共有839个站点
2025-07-10 11:43:33 crt_surf_data() sussess.
2025-07-10 11:43:33 end write_data_to_file, /root/C++/selfC++Framework/idc/output/surfdata//SURF_ZH_20250710114300_3340.csv, csv, 839
2025-07-10 11:43:33 end write_data_to_file, /root/C++/selfC++Framework/idc/output/surfdata//SURF_ZH_20250710114300_3340.xml, xml, 839
2025-07-10 11:43:33 end write_data_to_file, /root/C++/selfC++Framework/idc/output/surfdata//SURF_ZH_20250710114300_3340.json, json, 839
2025-07-10 11:43:33 crtsurfdata exit.
2025-07-10 11:52:53 crtsurfdata started.
2025-07-10 11:52:53 load_data(/root/C++/selfC++Framework/idc/ini/stcode.ini) sussess.
2025-07-10 11:52:53 共有839个站点
2025-07-10 11:52:53 crt_surf_data() sussess.
2025-07-10 11:52:53 end write_data_to_file, /root/C++/selfC++Framework/idc/output/surfdata//SURF_ZH_20250710115200_3855.csv, csv, 839
2025-07-10 11:52:53 end write_data_to_file, /root/C++/selfC++Framework/idc/output/surfdata//SURF_ZH_20250710115200_3855.xml, xml, 839
2025-07-10 11:52:53 end write_data_to_file, /root/C++/selfC++Framework/idc/output/surfdata//SURF_ZH_20250710115200_3855.json, json, 839
2025-07-10 11:52:53 crtsurfdata exit.
2025-07-10 11:53:03 crtsurfdata started.
2025-07-10 11:53:03 load_data(/root/C++/selfC++Framework/idc/ini/stcode.ini) sussess.
2025-07-10 11:53:03 共有839个站点
2025-07-10 11:53:03 crt_surf_data() sussess.
2025-07-10 11:53:03 end write_data_to_file, /root/C++/selfC++Framework/idc/output/surfdata//SURF_ZH_20250710115300_3880.csv, csv, 839
2025-07-10 11:53:03 end write_data_to_file, /root/C++/selfC++Framework/idc/output/surfdata//SURF_ZH_20250710115300_3880.xml, xml, 839
2025-07-10 11:53:03 end write_data_to_file, /root/C++/selfC++Framework/idc/output/surfdata//SURF_ZH_20250710115300_3880.json, json, 839
2025-07-10 11:53:03 crtsurfdata exit.
2025-07-10 11:53:13 crtsurfdata started.
2025-07-10 11:53:13 load_data(/root/C++/selfC++Framework/idc/ini/stcode.ini) sussess.
2025-07-10 11:53:13 共有839个站点
2025-07-10 11:53:13 crt_surf_data() sussess.
2025-07-10 11:53:13 end write_data_to_file, /root/C++/selfC++Framework/idc/output/surfdata//SURF_ZH_20250710115300_3905.csv, csv, 839
2025-07-10 11:53:13 end write_data_to_file, /root/C++/selfC++Framework/idc/output/surfdata//SURF_ZH_20250710115300_3905.xml, xml, 839
2025-07-10 11:53:13 end write_data_to_file, /root/C++/selfC++Framework/idc/output/surfdata//SURF_ZH_20250710115300_3905.json, json, 839
2025-07-10 11:53:13 crtsurfdata exit.
2025-07-10 11:53:23 crtsurfdata started.
2025-07-10 11:53:23 load_data(/root/C++/selfC++Framework/idc/ini/stcode.ini) sussess.
2025-07-10 11:53:23 共有839个站点
2025-07-10 11:53:23 crt_surf_data() sussess.
2025-07-10 11:53:23 end write_data_to_file, /root/C++/selfC++Framework/idc/output/surfdata//SURF_ZH_20250710115300_3926.csv, csv, 839
2025-07-10 11:53:23 end write_data_to_file, /root/C++/selfC++Framework/idc/output/surfdata//SURF_ZH_20250710115300_3926.xml, xml, 839
2025-07-10 11:53:23 end write_data_to_file, /root/C++/selfC++Framework/idc/output/surfdata//SURF_ZH_20250710115300_3926.json, json, 839
2025-07-10 11:53:23 crtsurfdata exit.
2025-07-10 11:53:33 crtsurfdata started.
2025-07-10 11:53:33 load_data(/root/C++/selfC++Framework/idc/ini/stcode.ini) sussess.
2025-07-10 11:53:33 共有839个站点
2025-07-10 11:53:33 crt_surf_data() sussess.
2025-07-10 11:53:33 end write_data_to_file, /root/C++/selfC++Framework/idc/output/surfdata//SURF_ZH_20250710115300_3928.csv, csv, 839
2025-07-10 11:53:33 end write_data_to_file, /root/C++/selfC++Framework/idc/output/surfdata//SURF_ZH_20250710115300_3928.xml, xml, 839
2025-07-10 11:53:33 end write_data_to_file, /root/C++/selfC++Framework/idc/output/surfdata//SURF_ZH_20250710115300_3928.json, json, 839
2025-07-10 11:53:33 crtsurfdata exit.
2025-07-10 11:53:43 crtsurfdata started.
2025-07-10 11:53:43 load_data(/root/C++/selfC++Framework/idc/ini/stcode.ini) sussess.
2025-07-10 11:53:43 共有839个站点
2025-07-10 11:53:43 crt_surf_data() sussess.
2025-07-10 11:53:43 end write_data_to_file, /root/C++/selfC++Framework/idc/output/surfdata//SURF_ZH_20250710115300_3930.csv, csv, 839
2025-07-10 11:53:43 end write_data_to_file, /root/C++/selfC++Framework/idc/output/surfdata//SURF_ZH_20250710115300_3930.xml, xml, 839
2025-07-10 11:53:43 end write_data_to_file, /root/C++/selfC++Framework/idc/output/surfdata//SURF_ZH_20250710115300_3930.json, json, 839
2025-07-10 11:53:43 crtsurfdata exit.
2025-07-10 11:55:02 crtsurfdata started.
2025-07-10 11:55:02 load_data(/root/C++/selfC++Framework/idc/ini/stcode.ini) sussess.
2025-07-10 11:55:02 共有839个站点
2025-07-10 11:55:02 crt_surf_data() sussess.
2025-07-10 11:55:02 end write_data_to_file, /root/C++/selfC++Framework/idc/output/surfdata//SURF_ZH_20250710115500_4180.csv, csv, 839
2025-07-10 11:55:02 end write_data_to_file, /root/C++/selfC++Framework/idc/output/surfdata//SURF_ZH_20250710115500_4180.xml, xml, 839
2025-07-10 11:55:02 end write_data_to_file, /root/C++/selfC++Framework/idc/output/surfdata//SURF_ZH_20250710115500_4180.json, json, 839
2025-07-10 11:55:02 crtsurfdata exit.
2025-07-10 11:55:12 crtsurfdata started.
2025-07-10 11:55:12 load_data(/root/C++/selfC++Framework/idc/ini/stcode.ini) sussess.
2025-07-10 11:55:12 共有839个站点
2025-07-10 11:55:12 crt_surf_data() sussess.
2025-07-10 11:55:12 end write_data_to_file, /root/C++/selfC++Framework/idc/output/surfdata//SURF_ZH_20250710115500_4205.csv, csv, 839
2025-07-10 11:55:12 end write_data_to_file, /root/C++/selfC++Framework/idc/output/surfdata//SURF_ZH_20250710115500_4205.xml, xml, 839
2025-07-10 11:55:12 end write_data_to_file, /root/C++/selfC++Framework/idc/output/surfdata//SURF_ZH_20250710115500_4205.json, json, 839
2025-07-10 11:55:12 crtsurfdata exit.
2025-07-10 11:55:22 crtsurfdata started.
2025-07-10 11:55:22 load_data(/root/C++/selfC++Framework/idc/ini/stcode.ini) sussess.
2025-07-10 11:55:22 共有839个站点
2025-07-10 11:55:22 crt_surf_data() sussess.
2025-07-10 11:55:22 end write_data_to_file, /root/C++/selfC++Framework/idc/output/surfdata//SURF_ZH_20250710115500_4208.csv, csv, 839
2025-07-10 11:55:22 end write_data_to_file, /root/C++/selfC++Framework/idc/output/surfdata//SURF_ZH_20250710115500_4208.xml, xml, 839
2025-07-10 11:55:22 end write_data_to_file, /root/C++/selfC++Framework/idc/output/surfdata//SURF_ZH_20250710115500_4208.json, json, 839
2025-07-10 11:55:22 crtsurfdata exit.
2025-07-10 11:55:32 crtsurfdata started.
2025-07-10 11:55:32 load_data(/root/C++/selfC++Framework/idc/ini/stcode.ini) sussess.
2025-07-10 11:55:32 共有839个站点
2025-07-10 11:55:32 crt_surf_data() sussess.
2025-07-10 11:55:32 end write_data_to_file, /root/C++/selfC++Framework/idc/output/surfdata//SURF_ZH_20250710115500_4222.csv, csv, 839
2025-07-10 11:55:32 end write_data_to_file, /root/C++/selfC++Framework/idc/output/surfdata//SURF_ZH_20250710115500_4222.xml, xml, 839
2025-07-10 11:55:32 end write_data_to_file, /root/C++/selfC++Framework/idc/output/surfdata//SURF_ZH_20250710115500_4222.json, json, 839
2025-07-10 11:55:32 crtsurfdata exit.
2025-07-10 11:55:42 crtsurfdata started.
2025-07-10 11:55:42 load_data(/root/C++/selfC++Framework/idc/ini/stcode.ini) sussess.
2025-07-10 11:55:42 共有839个站点
2025-07-10 11:55:42 crt_surf_data() sussess.
2025-07-10 11:55:42 end write_data_to_file, /root/C++/selfC++Framework/idc/output/surfdata//SURF_ZH_20250710115500_4225.csv, csv, 839
2025-07-10 11:55:42 end write_data_to_file, /root/C++/selfC++Framework/idc/output/surfdata//SURF_ZH_20250710115500_4225.xml, xml, 839
2025-07-10 11:55:42 end write_data_to_file, /root/C++/selfC++Framework/idc/output/surfdata//SURF_ZH_20250710115500_4225.json, json, 839
2025-07-10 11:55:42 crtsurfdata exit.
2025-07-10 11:55:52 crtsurfdata started.
2025-07-10 11:55:52 load_data(/root/C++/selfC++Framework/idc/ini/stcode.ini) sussess.
2025-07-10 11:55:52 共有839个站点
2025-07-10 11:55:52 crt_surf_data() sussess.
2025-07-10 11:55:52 end write_data_to_file, /root/C++/selfC++Framework/idc/output/surfdata//SURF_ZH_20250710115500_4230.csv, csv, 839
2025-07-10 11:55:52 end write_data_to_file, /root/C++/selfC++Framework/idc/output/surfdata//SURF_ZH_20250710115500_4230.xml, xml, 839
2025-07-10 11:55:52 end write_data_to_file, /root/C++/selfC++Framework/idc/output/surfdata//SURF_ZH_20250710115500_4230.json, json, 839
2025-07-10 11:55:52 crtsurfdata exit.
2025-07-10 11:56:02 crtsurfdata started.
2025-07-10 11:56:02 load_data(/root/C++/selfC++Framework/idc/ini/stcode.ini) sussess.
2025-07-10 11:56:02 共有839个站点
2025-07-10 11:56:02 crt_surf_data() sussess.
2025-07-10 11:56:02 end write_data_to_file, /root/C++/selfC++Framework/idc/output/surfdata//SURF_ZH_20250710115600_4234.csv, csv, 839
2025-07-10 11:56:02 end write_data_to_file, /root/C++/selfC++Framework/idc/output/surfdata//SURF_ZH_20250710115600_4234.xml, xml, 839
2025-07-10 11:56:02 end write_data_to_file, /root/C++/selfC++Framework/idc/output/surfdata//SURF_ZH_20250710115600_4234.json, json, 839
2025-07-10 11:56:02 crtsurfdata exit.
2025-07-10 11:56:12 crtsurfdata started.
2025-07-10 11:56:12 load_data(/root/C++/selfC++Framework/idc/ini/stcode.ini) sussess.
2025-07-10 11:56:12 共有839个站点
2025-07-10 11:56:12 crt_surf_data() sussess.
2025-07-10 11:56:12 end write_data_to_file, /root/C++/selfC++Framework/idc/output/surfdata//SURF_ZH_20250710115600_4239.csv, csv, 839
2025-07-10 11:56:12 end write_data_to_file, /root/C++/selfC++Framework/idc/output/surfdata//SURF_ZH_20250710115600_4239.xml, xml, 839
2025-07-10 11:56:12 end write_data_to_file, /root/C++/selfC++Framework/idc/output/surfdata//SURF_ZH_20250710115600_4239.json, json, 839
2025-07-10 11:56:12 crtsurfdata exit.
2025-07-10 11:56:22 crtsurfdata started.
2025-07-10 11:56:22 load_data(/root/C++/selfC++Framework/idc/ini/stcode.ini) sussess.
2025-07-10 11:56:22 共有839个站点
2025-07-10 11:56:22 crt_surf_data() sussess.
2025-07-10 11:56:22 end write_data_to_file, /root/C++/selfC++Framework/idc/output/surfdata//SURF_ZH_20250710115600_4242.csv, csv, 839
2025-07-10 11:56:22 end write_data_to_file, /root/C++/selfC++Framework/idc/output/surfdata//SURF_ZH_20250710115600_4242.xml, xml, 839
2025-07-10 11:56:22 end write_data_to_file, /root/C++/selfC++Framework/idc/output/surfdata//SURF_ZH_20250710115600_4242.json, json, 839
2025-07-10 11:56:22 crtsurfdata exit.
2025-07-10 11:56:32 crtsurfdata started.
2025-07-10 11:56:32 load_data(/root/C++/selfC++Framework/idc/ini/stcode.ini) sussess.
2025-07-10 11:56:32 共有839个站点
2025-07-10 11:56:32 crt_surf_data() sussess.
2025-07-10 11:56:32 end write_data_to_file, /root/C++/selfC++Framework/idc/output/surfdata//SURF_ZH_20250710115600_4244.csv, csv, 839
2025-07-10 11:56:32 end write_data_to_file, /root/C++/selfC++Framework/idc/output/surfdata//SURF_ZH_20250710115600_4244.xml, xml, 839
2025-07-10 11:56:32 end write_data_to_file, /root/C++/selfC++Framework/idc/output/surfdata//SURF_ZH_20250710115600_4244.json, json, 839
2025-07-10 11:56:32 crtsurfdata exit.
2025-07-10 11:56:42 crtsurfdata started.
2025-07-10 11:56:42 load_data(/root/C++/selfC++Framework/idc/ini/stcode.ini) sussess.
2025-07-10 11:56:42 共有839个站点
2025-07-10 11:56:42 crt_surf_data() sussess.
2025-07-10 11:56:42 end write_data_to_file, /root/C++/selfC++Framework/idc/output/surfdata//SURF_ZH_20250710115600_4246.csv, csv, 839
2025-07-10 11:56:42 end write_data_to_file, /root/C++/selfC++Framework/idc/output/surfdata//SURF_ZH_20250710115600_4246.xml, xml, 839
2025-07-10 11:56:42 end write_data_to_file, /root/C++/selfC++Framework/idc/output/surfdata//SURF_ZH_20250710115600_4246.json, json, 839
2025-07-10 11:56:42 crtsurfdata exit.
2025-07-10 11:56:52 crtsurfdata started.
2025-07-10 11:56:52 load_data(/root/C++/selfC++Framework/idc/ini/stcode.ini) sussess.
2025-07-10 11:56:52 共有839个站点
2025-07-10 11:56:52 crt_surf_data() sussess.
2025-07-10 11:56:52 end write_data_to_file, /root/C++/selfC++Framework/idc/output/surfdata//SURF_ZH_20250710115600_4248.csv, csv, 839
2025-07-10 11:56:52 end write_data_to_file, /root/C++/selfC++Framework/idc/output/surfdata//SURF_ZH_20250710115600_4248.xml, xml, 839
2025-07-10 11:56:52 end write_data_to_file, /root/C++/selfC++Framework/idc/output/surfdata//SURF_ZH_20250710115600_4248.json, json, 839
2025-07-10 11:56:52 crtsurfdata exit.
2025-07-10 11:57:02 crtsurfdata started.
2025-07-10 11:57:02 load_data(/root/C++/selfC++Framework/idc/ini/stcode.ini) sussess.
2025-07-10 11:57:02 共有839个站点
2025-07-10 11:57:02 crt_surf_data() sussess.
2025-07-10 11:57:02 end write_data_to_file, /root/C++/selfC++Framework/idc/output/surfdata//SURF_ZH_20250710115700_4252.csv, csv, 839
2025-07-10 11:57:02 end write_data_to_file, /root/C++/selfC++Framework/idc/output/surfdata//SURF_ZH_20250710115700_4252.xml, xml, 839
2025-07-10 11:57:02 end write_data_to_file, /root/C++/selfC++Framework/idc/output/surfdata//SURF_ZH_20250710115700_4252.json, json, 839
2025-07-10 11:57:02 crtsurfdata exit.
2025-07-10 11:57:12 crtsurfdata started.
2025-07-10 11:57:12 load_data(/root/C++/selfC++Framework/idc/ini/stcode.ini) sussess.
2025-07-10 11:57:12 共有839个站点
2025-07-10 11:57:12 crt_surf_data() sussess.
2025-07-10 11:57:12 end write_data_to_file, /root/C++/selfC++Framework/idc/output/surfdata//SURF_ZH_20250710115700_4254.csv, csv, 839
2025-07-10 11:57:12 end write_data_to_file, /root/C++/selfC++Framework/idc/output/surfdata//SURF_ZH_20250710115700_4254.xml, xml, 839
2025-07-10 11:57:12 end write_data_to_file, /root/C++/selfC++Framework/idc/output/surfdata//SURF_ZH_20250710115700_4254.json, json, 839
2025-07-10 11:57:12 crtsurfdata exit.
2025-07-10 11:57:22 crtsurfdata started.
2025-07-10 11:57:22 load_data(/root/C++/selfC++Framework/idc/ini/stcode.ini) sussess.
2025-07-10 11:57:22 共有839个站点
2025-07-10 11:57:22 crt_surf_data() sussess.
2025-07-10 11:57:22 end write_data_to_file, /root/C++/selfC++Framework/idc/output/surfdata//SURF_ZH_20250710115700_4256.csv, csv, 839
2025-07-10 11:57:22 end write_data_to_file, /root/C++/selfC++Framework/idc/output/surfdata//SURF_ZH_20250710115700_4256.xml, xml, 839
2025-07-10 11:57:22 end write_data_to_file, /root/C++/selfC++Framework/idc/output/surfdata//SURF_ZH_20250710115700_4256.json, json, 839
2025-07-10 11:57:22 crtsurfdata exit.
2025-07-10 11:57:32 crtsurfdata started.
2025-07-10 11:57:32 load_data(/root/C++/selfC++Framework/idc/ini/stcode.ini) sussess.
2025-07-10 11:57:32 共有839个站点
2025-07-10 11:57:32 crt_surf_data() sussess.
2025-07-10 11:57:32 end write_data_to_file, /root/C++/selfC++Framework/idc/output/surfdata//SURF_ZH_20250710115700_4258.csv, csv, 839
2025-07-10 11:57:32 end write_data_to_file, /root/C++/selfC++Framework/idc/output/surfdata//SURF_ZH_20250710115700_4258.xml, xml, 839
2025-07-10 11:57:32 end write_data_to_file, /root/C++/selfC++Framework/idc/output/surfdata//SURF_ZH_20250710115700_4258.json, json, 839
2025-07-10 11:57:32 crtsurfdata exit.
2025-07-10 11:57:42 crtsurfdata started.
2025-07-10 11:57:42 load_data(/root/C++/selfC++Framework/idc/ini/stcode.ini) sussess.
2025-07-10 11:57:42 共有839个站点
2025-07-10 11:57:42 crt_surf_data() sussess.
2025-07-10 11:57:42 end write_data_to_file, /root/C++/selfC++Framework/idc/output/surfdata//SURF_ZH_20250710115700_4260.csv, csv, 839
2025-07-10 11:57:42 end write_data_to_file, /root/C++/selfC++Framework/idc/output/surfdata//SURF_ZH_20250710115700_4260.xml, xml, 839
2025-07-10 11:57:42 end write_data_to_file, /root/C++/selfC++Framework/idc/output/surfdata//SURF_ZH_20250710115700_4260.json, json, 839
2025-07-10 11:57:42 crtsurfdata exit.
2025-07-10 11:57:52 crtsurfdata started.
2025-07-10 11:57:52 load_data(/root/C++/selfC++Framework/idc/ini/stcode.ini) sussess.
2025-07-10 11:57:52 共有839个站点
2025-07-10 11:57:52 crt_surf_data() sussess.
2025-07-10 11:57:52 end write_data_to_file, /root/C++/selfC++Framework/idc/output/surfdata//SURF_ZH_20250710115700_4262.csv, csv, 839
2025-07-10 11:57:52 end write_data_to_file, /root/C++/selfC++Framework/idc/output/surfdata//SURF_ZH_20250710115700_4262.xml, xml, 839
2025-07-10 11:57:52 end write_data_to_file, /root/C++/selfC++Framework/idc/output/surfdata//SURF_ZH_20250710115700_4262.json, json, 839
2025-07-10 11:57:52 crtsurfdata exit.
2025-07-10 11:58:02 crtsurfdata started.
2025-07-10 11:58:02 load_data(/root/C++/selfC++Framework/idc/ini/stcode.ini) sussess.
2025-07-10 11:58:02 共有839个站点
2025-07-10 11:58:02 crt_surf_data() sussess.
2025-07-10 11:58:02 end write_data_to_file, /root/C++/selfC++Framework/idc/output/surfdata//SURF_ZH_20250710115800_4264.csv, csv, 839
2025-07-10 11:58:02 end write_data_to_file, /root/C++/selfC++Framework/idc/output/surfdata//SURF_ZH_20250710115800_4264.xml, xml, 839
2025-07-10 11:58:02 end write_data_to_file, /root/C++/selfC++Framework/idc/output/surfdata//SURF_ZH_20250710115800_4264.json, json, 839
2025-07-10 11:58:02 crtsurfdata exit.
2025-07-10 11:58:12 crtsurfdata started.
2025-07-10 11:58:12 load_data(/root/C++/selfC++Framework/idc/ini/stcode.ini) sussess.
2025-07-10 11:58:12 共有839个站点
2025-07-10 11:58:12 crt_surf_data() sussess.
2025-07-10 11:58:12 end write_data_to_file, /root/C++/selfC++Framework/idc/output/surfdata//SURF_ZH_20250710115800_4268.csv, csv, 839
2025-07-10 11:58:12 end write_data_to_file, /root/C++/selfC++Framework/idc/output/surfdata//SURF_ZH_20250710115800_4268.xml, xml, 839
2025-07-10 11:58:12 end write_data_to_file, /root/C++/selfC++Framework/idc/output/surfdata//SURF_ZH_20250710115800_4268.json, json, 839
2025-07-10 11:58:12 crtsurfdata exit.
2025-07-10 12:00:42 crtsurfdata started.
2025-07-10 12:00:42 load_data(/root/C++/selfC++Framework/idc/ini/stcode.ini) sussess.
2025-07-10 12:00:42 共有839个站点
2025-07-10 12:00:42 crt_surf_data() sussess.
2025-07-10 12:00:42 end write_data_to_file, /root/C++/selfC++Framework/idc/output/surfdata//SURF_ZH_20250710120000_4565.csv, csv, 839
2025-07-10 12:00:42 end write_data_to_file, /root/C++/selfC++Framework/idc/output/surfdata//SURF_ZH_20250710120000_4565.xml, xml, 839
2025-07-10 12:00:42 end write_data_to_file, /root/C++/selfC++Framework/idc/output/surfdata//SURF_ZH_20250710120000_4565.json, json, 839
2025-07-10 12:00:42 crtsurfdata exit.
2025-07-10 12:00:52 crtsurfdata started.
2025-07-10 12:00:52 load_data(/root/C++/selfC++Framework/idc/ini/stcode.ini) sussess.
2025-07-10 12:00:52 共有839个站点
2025-07-10 12:00:52 crt_surf_data() sussess.
2025-07-10 12:00:52 end write_data_to_file, /root/C++/selfC++Framework/idc/output/surfdata//SURF_ZH_20250710120000_4590.csv, csv, 839
2025-07-10 12:00:52 end write_data_to_file, /root/C++/selfC++Framework/idc/output/surfdata//SURF_ZH_20250710120000_4590.xml, xml, 839
2025-07-10 12:00:52 end write_data_to_file, /root/C++/selfC++Framework/idc/output/surfdata//SURF_ZH_20250710120000_4590.json, json, 839
2025-07-10 12:00:52 crtsurfdata exit.
2025-07-10 12:02:59 crtsurfdata started.
2025-07-10 12:02:59 load_data(/root/C++/selfC++Framework/idc/ini/stcode.ini) sussess.
2025-07-10 12:02:59 共有839个站点
2025-07-10 12:02:59 crt_surf_data() sussess.
2025-07-10 12:02:59 end write_data_to_file, /root/C++/selfC++Framework/idc/output/surfdata//SURF_ZH_20250710120200_4871.csv, csv, 839
2025-07-10 12:02:59 end write_data_to_file, /root/C++/selfC++Framework/idc/output/surfdata//SURF_ZH_20250710120200_4871.xml, xml, 839
2025-07-10 12:02:59 end write_data_to_file, /root/C++/selfC++Framework/idc/output/surfdata//SURF_ZH_20250710120200_4871.json, json, 839
2025-07-10 12:02:59 crtsurfdata exit.
2025-07-10 12:07:50 crtsurfdata started.
2025-07-10 12:07:50 load_data(/root/C++/selfC++Framework/idc/ini/stcode.ini) sussess.
2025-07-10 12:07:50 共有839个站点
2025-07-10 12:07:50 crt_surf_data() sussess.
2025-07-10 12:07:50 end write_data_to_file, /root/C++/selfC++Framework/idc/output/surfdata//SURF_ZH_20250710120700_5023.csv, csv, 839
2025-07-10 12:07:50 end write_data_to_file, /root/C++/selfC++Framework/idc/output/surfdata//SURF_ZH_20250710120700_5023.xml, xml, 839
2025-07-10 12:07:50 end write_data_to_file, /root/C++/selfC++Framework/idc/output/surfdata//SURF_ZH_20250710120700_5023.json, json, 839
2025-07-10 12:07:50 crtsurfdata exit.
2025-07-10 12:09:12 crtsurfdata started.
2025-07-10 12:09:12 load_data(/root/C++/selfC++Framework/idc/ini/stcode.ini) sussess.
2025-07-10 12:09:12 共有839个站点
2025-07-10 12:09:12 crt_surf_data() sussess.
2025-07-10 12:09:12 end write_data_to_file, /root/C++/selfC++Framework/idc/output/surfdata//SURF_ZH_20250710120900_5159.csv, csv, 839
2025-07-10 12:09:12 end write_data_to_file, /root/C++/selfC++Framework/idc/output/surfdata//SURF_ZH_20250710120900_5159.xml, xml, 839
2025-07-10 12:09:12 end write_data_to_file, /root/C++/selfC++Framework/idc/output/surfdata//SURF_ZH_20250710120900_5159.json, json, 839
2025-07-10 12:09:12 crtsurfdata exit.
2025-07-10 13:32:24 crtsurfdata started.
2025-07-10 13:32:24 load_data(/root/C++/selfC++Framework/idc/ini/stcode.ini) sussess.
2025-07-10 13:32:24 共有839个站点
2025-07-10 13:32:24 crt_surf_data() sussess.
2025-07-10 13:32:24 end write_data_to_file, /root/C++/selfC++Framework/idc/output/surfdata//SURF_ZH_20250710133200_5493.csv, csv, 839
2025-07-10 13:32:24 end write_data_to_file, /root/C++/selfC++Framework/idc/output/surfdata//SURF_ZH_20250710133200_5493.xml, xml, 839
2025-07-10 13:32:24 end write_data_to_file, /root/C++/selfC++Framework/idc/output/surfdata//SURF_ZH_20250710133200_5493.json, json, 839
2025-07-10 13:32:24 crtsurfdata exit.
2025-07-10 13:32:25 crtsurfdata started.
2025-07-10 13:32:25 load_data(/root/C++/selfC++Framework/idc/ini/stcode.ini) sussess.
2025-07-10 13:32:25 共有839个站点
2025-07-10 13:32:25 crt_surf_data() sussess.
2025-07-10 13:32:25 end write_data_to_file, /root/C++/selfC++Framework/idc/output/surfdata//SURF_ZH_20250710133200_5501.csv, csv, 839
2025-07-10 13:32:25 end write_data_to_file, /root/C++/selfC++Framework/idc/output/surfdata//SURF_ZH_20250710133200_5501.xml, xml, 839
2025-07-10 13:32:25 end write_data_to_file, /root/C++/selfC++Framework/idc/output/surfdata//SURF_ZH_20250710133200_5501.json, json, 839
2025-07-10 13:32:25 crtsurfdata exit.
2025-07-10 13:44:51 crtsurfdata started.
2025-07-10 13:44:51 load_data(/root/C++/selfC++Framework/idc/ini/stcode.ini) sussess.
2025-07-10 13:44:51 共有839个站点
2025-07-10 13:44:51 crt_surf_data() sussess.
2025-07-10 13:44:51 end write_data_to_file, /root/C++/selfC++Framework/idc/output/surfdata//SURF_ZH_20250710134400_5678.csv, csv, 839
2025-07-10 13:44:51 end write_data_to_file, /root/C++/selfC++Framework/idc/output/surfdata//SURF_ZH_20250710134400_5678.xml, xml, 839
2025-07-10 13:44:51 end write_data_to_file, /root/C++/selfC++Framework/idc/output/surfdata//SURF_ZH_20250710134400_5678.json, json, 839
2025-07-10 13:44:51 crtsurfdata exit.
2025-07-10 14:05:08 crtsurfdata started.
2025-07-10 14:05:08 load_data(/root/C++/selfC++Framework/idc/ini/stcode.ini) sussess.
2025-07-10 14:05:08 共有839个站点
2025-07-10 14:05:08 crt_surf_data() sussess.
2025-07-10 14:05:08 end write_data_to_file, /root/C++/selfC++Framework/idc/output/surfdata//SURF_ZH_20250710140500_5927.csv, csv, 839
2025-07-10 14:05:08 end write_data_to_file, /root/C++/selfC++Framework/idc/output/surfdata//SURF_ZH_20250710140500_5927.xml, xml, 839
2025-07-10 14:05:08 end write_data_to_file, /root/C++/selfC++Framework/idc/output/surfdata//SURF_ZH_20250710140500_5927.json, json, 839
2025-07-10 14:05:08 crtsurfdata exit.
