2025-07-23 11:34:44 Father process exit, sig = 2.
2025-07-23 11:36:05 ---------------------------------
2025-07-23 11:36:05 tcp_server.init_server(5005) success.
2025-07-23 11:36:17 accept a client(192.168.59.132).
2025-07-23 11:36:17 Tcp client: 192.168.59.132 login success.
2025-07-23 11:36:17 recv uploadTest.txt(mtime:20250722110423, size:13) ...... success.
2025-07-23 11:36:27 recv uploadTest.txt(mtime:20250722110423, size:13) ...... success.
2025-07-23 11:36:37 recv uploadTest.txt(mtime:20250722110423, size:13) ...... success.
2025-07-23 11:36:47 recv uploadTest.txt(mtime:20250722110423, size:13) ...... success.
2025-07-23 11:36:57 recv uploadTest.txt(mtime:20250722110423, size:13) ...... success.
2025-07-23 11:37:07 recv uploadTest.txt(mtime:20250722110423, size:13) ...... success.
2025-07-23 11:37:17 recv uploadTest.txt(mtime:20250722110423, size:13) ...... success.
2025-07-23 11:37:27 recv uploadTest.txt(mtime:20250722110423, size:13) ...... success.
2025-07-23 11:37:37 recv uploadTest.txt(mtime:20250722110423, size:13) ...... success.
2025-07-23 11:37:47 recv uploadTest.txt(mtime:20250722110423, size:13) ...... success.
2025-07-23 11:37:57 recv uploadTest.txt(mtime:20250722110423, size:13) ...... success.
2025-07-23 11:38:07 recv uploadTest.txt(mtime:20250722110423, size:13) ...... success.
2025-07-23 11:38:17 recv uploadTest.txt(mtime:20250722110423, size:13) ...... success.
2025-07-23 11:38:27 recv uploadTest.txt(mtime:20250722110423, size:13) ...... success.
2025-07-23 11:38:37 recv uploadTest.txt(mtime:20250722110423, size:13) ...... success.
2025-07-23 11:38:47 recv uploadTest.txt(mtime:20250722110423, size:13) ...... success.
2025-07-23 11:38:52 tcp_server.read(): recv server message failed.
2025-07-23 11:38:52 Child process exit, sig = 0.
2025-07-23 11:38:59 Father process exit, sig = 2.
2025-07-23 11:45:52 ---------------------------------
2025-07-23 11:45:52 tcp_server.init_server(5005) success.
2025-07-23 11:45:55 accept a client(192.168.59.132).
2025-07-23 11:45:55 Tcp client: 192.168.59.132 login success.
2025-07-23 11:45:55 recv uploadTest.txt(mtime:20250722110423, size:13) ...... success.
2025-07-23 11:46:05 recv uploadTest.txt(mtime:20250722110423, size:13) ...... success.
2025-07-23 11:46:15 recv uploadTest.txt(mtime:20250722110423, size:13) ...... success.
2025-07-23 11:46:25 recv uploadTest.txt(mtime:20250722110423, size:13) ...... success.
2025-07-23 11:46:35 recv uploadTest.txt(mtime:20250722110423, size:13) ...... success.
2025-07-23 11:46:45 recv uploadTest.txt(mtime:20250722110423, size:13) ...... success.
2025-07-23 11:46:55 recv uploadTest.txt(mtime:20250722110423, size:13) ...... success.
2025-07-23 11:47:05 recv uploadTest.txt(mtime:20250722110423, size:13) ...... success.
2025-07-23 11:47:15 recv uploadTest.txt(mtime:20250722110423, size:13) ...... success.
2025-07-23 11:47:25 recv uploadTest.txt(mtime:20250722110423, size:13) ...... success.
2025-07-23 11:47:33 Child process exit, sig = 2.
2025-07-23 11:47:33 Father process exit, sig = 2.
2025-07-23 11:47:42 ---------------------------------
2025-07-23 11:47:42 tcp_server.init_server(5005) success.
2025-07-23 11:47:51 accept a client(192.168.59.132).
2025-07-23 11:47:51 Tcp client: 192.168.59.132 login success.
2025-07-23 11:47:51 recv uploadTest.txt(mtime:20250722110423, size:13) ...... 2025-07-23 11:47:51 ------------------------file name: uploadTest.txt
success.
2025-07-23 11:48:01 recv uploadTest.txt(mtime:20250722110423, size:13) ...... 2025-07-23 11:48:01 ------------------------file name: uploadTest.txt
success.
2025-07-23 11:48:11 recv uploadTest.txt(mtime:20250722110423, size:13) ...... 2025-07-23 11:48:11 ------------------------file name: uploadTest.txt
success.
2025-07-23 11:48:21 recv uploadTest.txt(mtime:20250722110423, size:13) ...... 2025-07-23 11:48:21 ------------------------file name: uploadTest.txt
success.
2025-07-23 11:48:31 recv uploadTest.txt(mtime:20250722110423, size:13) ...... 2025-07-23 11:48:31 ------------------------file name: uploadTest.txt
success.
2025-07-23 11:48:38 Father process exit, sig = 2.
2025-07-23 11:48:38 Child process exit, sig = 2.
2025-07-23 11:51:26 ---------------------------------
2025-07-23 11:51:26 tcp_server.init_server(5005) success.
2025-07-23 11:51:29 accept a client(192.168.59.132).
2025-07-23 11:51:29 Tcp client: 192.168.59.132 login success.
2025-07-23 11:51:29 recv /tmp/tcp/client/uploadTest.txt(mtime:20250722110423, size:13) ...... success.
2025-07-23 11:51:39 recv /tmp/tcp/client/uploadTest.txt(mtime:20250722110423, size:13) ...... success.
2025-07-23 11:51:432025-07-23 11:51:43 Child process exit, sig = 2.
 Father process exit, sig = 2.
2025-07-23 11:53:13 ---------------------------------
2025-07-23 11:53:13 tcp_server.init_server(5005) success.
2025-07-23 11:53:23 accept a client(192.168.59.132).
2025-07-23 11:53:23 Tcp client: 192.168.59.132 login success.
2025-07-23 11:56:56 Child process exit, sig = 2.
2025-07-23 11:56:56 Father process exit, sig = 2.
2025-07-23 11:56:58 ---------------------------------
2025-07-23 11:56:58 tcp_server.init_server(5005) success.
2025-07-23 11:57:01 accept a client(192.168.59.132).
2025-07-23 11:57:01 Tcp client: 192.168.59.132 login success.
2025-07-23 11:57:01 send file info( gŮ) ......
success.
2025-07-23 11:57:11 send file info( gŮ) ......
success.
2025-07-23 11:57:21 send file info( gŮ) ......
success.
2025-07-23 11:57:21 server recv file(server recv file2025-07-23 11:57:31 send file info( gŮ) ......
success.
2025-07-23 11:57:31 server recv file(server recv file2025-07-23 11:57:41 send file info( gŮ) ......
success.
2025-07-23 11:57:41 server recv file(server recv file2025-07-23 11:57:482025-07-23 11:57:48  Child process exit, sig = 2.
Father process exit, sig = 2.
2025-07-23 12:00:20 ---------------------------------
2025-07-23 12:00:20 tcp_server.init_server(5005) success.
2025-07-23 12:00:23 accept a client(192.168.59.132).
2025-07-23 12:00:23 Tcp client: 192.168.59.132 login success.
2025-07-23 12:00:23 send file info(<file_name>/tmp/tcp/server/uploadTest.txt</file_name><file_mtime>20250722110423</file_mtime><file_size>13</file_size>) ...... success.
2025-07-23 12:00:33 send file info(<file_name>/tmp/tcp/server/uploadTest.txt</file_name><file_mtime>20250722110423</file_mtime><file_size>13</file_size>) ...... success.
2025-07-23 12:00:43 send file info(<file_name>/tmp/tcp/server/uploadTest.txt</file_name><file_mtime>20250722110423</file_mtime><file_size>13</file_size>) ...... success.
2025-07-23 12:00:43 server recv file(server recv file2025-07-23 12:00:46 Father process exit, sig = 2.
2025-07-23 12:00:46 Child process exit, sig = 15.
2025-07-25 15:40:29 ---------------------------------
2025-07-25 15:40:29 tcp_server.init_server(5005) success.
2025-07-25 15:40:34 accept a client(192.168.59.132).
2025-07-25 15:40:34 Tcp client: 192.168.59.132 login success.
2025-07-25 15:40:34 send file info(<file_name>/tmp/tcp/server/uploadTest.txt</file_name><file_mtime>20250722110423</file_mtime><file_size>13</file_size>) ...... success.
2025-07-25 15:40:44 send file info(<file_name>/tmp/tcp/server/uploadTest.txt</file_name><file_mtime>20250722110423</file_mtime><file_size>13</file_size>) ...... success.
2025-07-25 15:40:54 send file info(<file_name>/tmp/tcp/server/uploadTest.txt</file_name><file_mtime>20250722110423</file_mtime><file_size>13</file_size>) ...... success.
2025-07-25 15:40:54 server recv file(server recv file2025-07-25 15:41:04 send file info(<file_name>/tmp/tcp/server/uploadTest.txt</file_name><file_mtime>20250722110423</file_mtime><file_size>13</file_size>) ...... success.
2025-07-25 15:41:04 server recv file(server recv file2025-07-25 15:41:14 send file info(<file_name>/tmp/tcp/server/uploadTest.txt</file_name><file_mtime>20250722110423</file_mtime><file_size>13</file_size>) ...... success.
2025-07-25 15:41:14 server recv file(server recv file2025-07-25 15:41:24 send file info(<file_name>/tmp/tcp/server/uploadTest.txt</file_name><file_mtime>20250722110423</file_mtime><file_size>13</file_size>) ...... success.
2025-07-25 15:41:24 server recv file(server recv file2025-07-25 15:41:34 send file info(<file_name>/tmp/tcp/server/uploadTest.txt</file_name><file_mtime>20250722110423</file_mtime><file_size>13</file_size>) ...... success.
2025-07-25 15:41:34 server recv file(server recv file2025-07-25 15:41:44 send file info(<file_name>/tmp/tcp/server/uploadTest.txt</file_name><file_mtime>20250722110423</file_mtime><file_size>13</file_size>) ...... success.
2025-07-25 15:41:44 server recv file(server recv file2025-07-25 15:41:54 send file info(<file_name>/tmp/tcp/server/uploadTest.txt</file_name><file_mtime>20250722110423</file_mtime><file_size>13</file_size>) ...... success.
2025-07-25 15:41:54 server recv file(server recv file2025-07-25 15:42:04 send file info(<file_name>/tmp/tcp/server/uploadTest.txt</file_name><file_mtime>20250722110423</file_mtime><file_size>13</file_size>) ...... success.
2025-07-25 15:42:04 server recv file(server recv file2025-07-25 15:42:14 send file info(<file_name>/tmp/tcp/server/uploadTest.txt</file_name><file_mtime>20250722110423</file_mtime><file_size>13</file_size>) ...... success.
2025-07-25 15:42:14 server recv file(server recv file2025-07-25 15:42:24 send file info(<file_name>/tmp/tcp/server/uploadTest.txt</file_name><file_mtime>20250722110423</file_mtime><file_size>13</file_size>) ...... success.
2025-07-25 15:42:24 server recv file(server recv file2025-07-25 15:42:34 send file info(<file_name>/tmp/tcp/server/uploadTest.txt</file_name><file_mtime>20250722110423</file_mtime><file_size>13</file_size>) ...... success.
2025-07-25 15:42:34 server recv file(server recv file2025-07-25 15:42:44 send file info(<file_name>/tmp/tcp/server/uploadTest.txt</file_name><file_mtime>20250722110423</file_mtime><file_size>13</file_size>) ...... success.
2025-07-25 15:42:44 server recv file(server recv file2025-07-25 15:42:54 send file info(<file_name>/tmp/tcp/server/uploadTest.txt</file_name><file_mtime>20250722110423</file_mtime><file_size>13</file_size>) ...... success.
2025-07-25 15:42:54 server recv file(server recv file2025-07-25 15:43:04 send file info(<file_name>/tmp/tcp/server/uploadTest.txt</file_name><file_mtime>20250722110423</file_mtime><file_size>13</file_size>) ...... success.
2025-07-25 15:43:04 server recv file(server recv file2025-07-25 15:43:14 send file info(<file_name>/tmp/tcp/server/uploadTest.txt</file_name><file_mtime>20250722110423</file_mtime><file_size>13</file_size>) ...... success.
2025-07-25 15:43:14 server recv file(server recv file2025-07-25 15:43:24 send file info(<file_name>/tmp/tcp/server/uploadTest.txt</file_name><file_mtime>20250722110423</file_mtime><file_size>13</file_size>) ...... success.
2025-07-25 15:43:24 server recv file(server recv file2025-07-25 15:43:34 send file info(<file_name>/tmp/tcp/server/uploadTest.txt</file_name><file_mtime>20250722110423</file_mtime><file_size>13</file_size>) ...... success.
2025-07-25 15:43:34 server recv file(server recv file2025-07-25 15:43:44 send file info(<file_name>/tmp/tcp/server/uploadTest.txt</file_name><file_mtime>20250722110423</file_mtime><file_size>13</file_size>) ...... success.
2025-07-25 15:43:44 server recv file(server recv file2025-07-25 15:43:54 send file info(<file_name>/tmp/tcp/server/uploadTest.txt</file_name><file_mtime>20250722110423</file_mtime><file_size>13</file_size>) ...... success.
2025-07-25 15:43:54 server recv file(server recv file2025-07-25 15:44:04 send file info(<file_name>/tmp/tcp/server/uploadTest.txt</file_name><file_mtime>20250722110423</file_mtime><file_size>13</file_size>) ...... success.
2025-07-25 15:44:04 server recv file(server recv file2025-07-25 15:44:14 send file info(<file_name>/tmp/tcp/server/uploadTest.txt</file_name><file_mtime>20250722110423</file_mtime><file_size>13</file_size>) ...... success.
2025-07-25 15:44:14 server recv file(server recv file2025-07-25 15:44:24 send file info(<file_name>/tmp/tcp/server/uploadTest.txt</file_name><file_mtime>20250722110423</file_mtime><file_size>13</file_size>) ...... success.
2025-07-25 15:44:24 server recv file(server recv file2025-07-25 15:44:34 send file info(<file_name>/tmp/tcp/server/uploadTest.txt</file_name><file_mtime>20250722110423</file_mtime><file_size>13</file_size>) ...... success.
2025-07-25 15:44:34 server recv file(server recv file2025-07-25 15:44:44 send file info(<file_name>/tmp/tcp/server/uploadTest.txt</file_name><file_mtime>20250722110423</file_mtime><file_size>13</file_size>) ...... success.
2025-07-25 15:44:44 server recv file(server recv file2025-07-25 15:44:54 send file info(<file_name>/tmp/tcp/server/uploadTest.txt</file_name><file_mtime>20250722110423</file_mtime><file_size>13</file_size>) ...... success.
2025-07-25 15:44:54 server recv file(server recv file2025-07-25 15:45:04 send file info(<file_name>/tmp/tcp/server/uploadTest.txt</file_name><file_mtime>20250722110423</file_mtime><file_size>13</file_size>) ...... success.
2025-07-25 15:45:04 server recv file(server recv file2025-07-25 15:45:14 send file info(<file_name>/tmp/tcp/server/uploadTest.txt</file_name><file_mtime>20250722110423</file_mtime><file_size>13</file_size>) ...... success.
2025-07-25 15:45:14 server recv file(server recv file2025-07-25 15:45:24 send file info(<file_name>/tmp/tcp/server/uploadTest.txt</file_name><file_mtime>20250722110423</file_mtime><file_size>13</file_size>) ...... success.
2025-07-25 15:45:24 server recv file(server recv file2025-07-25 15:45:34 send file info(<file_name>/tmp/tcp/server/uploadTest.txt</file_name><file_mtime>20250722110423</file_mtime><file_size>13</file_size>) ...... success.
2025-07-25 15:45:34 server recv file(server recv file2025-07-25 15:45:44 send file info(<file_name>/tmp/tcp/server/uploadTest.txt</file_name><file_mtime>20250722110423</file_mtime><file_size>13</file_size>) ...... success.
2025-07-25 15:45:44 server recv file(server recv file2025-07-25 15:45:54 send file info(<file_name>/tmp/tcp/server/uploadTest.txt</file_name><file_mtime>20250722110423</file_mtime><file_size>13</file_size>) ...... success.
2025-07-25 15:45:54 server recv file(server recv file2025-07-25 15:46:04 send file info(<file_name>/tmp/tcp/server/uploadTest.txt</file_name><file_mtime>20250722110423</file_mtime><file_size>13</file_size>) ...... success.
2025-07-25 15:46:04 server recv file(server recv file2025-07-25 15:46:14 send file info(<file_name>/tmp/tcp/server/uploadTest.txt</file_name><file_mtime>20250722110423</file_mtime><file_size>13</file_size>) ...... success.
2025-07-25 15:46:14 server recv file(server recv file2025-07-25 15:46:24 send file info(<file_name>/tmp/tcp/server/uploadTest.txt</file_name><file_mtime>20250722110423</file_mtime><file_size>13</file_size>) ...... success.
2025-07-25 15:46:24 server recv file(server recv file2025-07-25 15:46:34 send file info(<file_name>/tmp/tcp/server/uploadTest.txt</file_name><file_mtime>20250722110423</file_mtime><file_size>13</file_size>) ...... success.
2025-07-25 15:46:34 server recv file(server recv file2025-07-25 15:46:44 send file info(<file_name>/tmp/tcp/server/uploadTest.txt</file_name><file_mtime>20250722110423</file_mtime><file_size>13</file_size>) ...... success.
2025-07-25 15:46:44 server recv file(server recv file2025-07-25 15:46:54 send file info(<file_name>/tmp/tcp/server/uploadTest.txt</file_name><file_mtime>20250722110423</file_mtime><file_size>13</file_size>) ...... success.
2025-07-25 15:46:54 server recv file(server recv file2025-07-25 15:47:04 send file info(<file_name>/tmp/tcp/server/uploadTest.txt</file_name><file_mtime>20250722110423</file_mtime><file_size>13</file_size>) ...... success.
2025-07-25 15:47:04 server recv file(server recv file2025-07-25 15:47:14 send file info(<file_name>/tmp/tcp/server/uploadTest.txt</file_name><file_mtime>20250722110423</file_mtime><file_size>13</file_size>) ...... success.
2025-07-25 15:47:14 server recv file(server recv file2025-07-25 15:47:24 send file info(<file_name>/tmp/tcp/server/uploadTest.txt</file_name><file_mtime>20250722110423</file_mtime><file_size>13</file_size>) ...... success.
2025-07-25 15:47:24 server recv file(server recv file2025-07-25 15:47:34 send file info(<file_name>/tmp/tcp/server/uploadTest.txt</file_name><file_mtime>20250722110423</file_mtime><file_size>13</file_size>) ...... success.
2025-07-25 15:47:34 server recv file(server recv file2025-07-25 15:47:44 send file info(<file_name>/tmp/tcp/server/uploadTest.txt</file_name><file_mtime>20250722110423</file_mtime><file_size>13</file_size>) ...... success.
2025-07-25 15:47:44 server recv file(server recv file2025-07-25 15:47:54 send file info(<file_name>/tmp/tcp/server/uploadTest.txt</file_name><file_mtime>20250722110423</file_mtime><file_size>13</file_size>) ...... success.
2025-07-25 15:47:54 server recv file(server recv file2025-07-25 15:48:04 send file info(<file_name>/tmp/tcp/server/uploadTest.txt</file_name><file_mtime>20250722110423</file_mtime><file_size>13</file_size>) ...... success.
2025-07-25 15:48:04 server recv file(server recv file2025-07-25 15:48:14 send file info(<file_name>/tmp/tcp/server/uploadTest.txt</file_name><file_mtime>20250722110423</file_mtime><file_size>13</file_size>) ...... success.
2025-07-25 15:48:14 server recv file(server recv file2025-07-25 15:48:24 send file info(<file_name>/tmp/tcp/server/uploadTest.txt</file_name><file_mtime>20250722110423</file_mtime><file_size>13</file_size>) ...... success.
2025-07-25 15:48:24 server recv file(server recv file2025-07-25 15:48:34 send file info(<file_name>/tmp/tcp/server/uploadTest.txt</file_name><file_mtime>20250722110423</file_mtime><file_size>13</file_size>) ...... success.
2025-07-25 15:48:34 server recv file(server recv file2025-07-25 15:48:44 send file info(<file_name>/tmp/tcp/server/uploadTest.txt</file_name><file_mtime>20250722110423</file_mtime><file_size>13</file_size>) ...... success.
2025-07-25 15:48:44 server recv file(server recv file2025-07-25 15:48:54 send file info(<file_name>/tmp/tcp/server/uploadTest.txt</file_name><file_mtime>20250722110423</file_mtime><file_size>13</file_size>) ...... success.
2025-07-25 15:48:54 server recv file(server recv file2025-07-25 15:49:04 send file info(<file_name>/tmp/tcp/server/uploadTest.txt</file_name><file_mtime>20250722110423</file_mtime><file_size>13</file_size>) ...... success.
2025-07-25 15:49:04 server recv file(server recv file2025-07-25 15:49:14 send file info(<file_name>/tmp/tcp/server/uploadTest.txt</file_name><file_mtime>20250722110423</file_mtime><file_size>13</file_size>) ...... success.
2025-07-25 15:49:14 server recv file(server recv file2025-07-25 15:49:24 send file info(<file_name>/tmp/tcp/server/uploadTest.txt</file_name><file_mtime>20250722110423</file_mtime><file_size>13</file_size>) ...... success.
2025-07-25 15:49:24 server recv file(server recv file2025-07-25 15:49:34 send file info(<file_name>/tmp/tcp/server/uploadTest.txt</file_name><file_mtime>20250722110423</file_mtime><file_size>13</file_size>) ...... success.
2025-07-25 15:49:34 server recv file(server recv file2025-07-25 15:49:44 send file info(<file_name>/tmp/tcp/server/uploadTest.txt</file_name><file_mtime>20250722110423</file_mtime><file_size>13</file_size>) ...... success.
2025-07-25 15:49:44 server recv file(server recv file2025-07-25 15:49:54 send file info(<file_name>/tmp/tcp/server/uploadTest.txt</file_name><file_mtime>20250722110423</file_mtime><file_size>13</file_size>) ...... success.
2025-07-25 15:49:54 server recv file(server recv file2025-07-25 15:50:04 send file info(<file_name>/tmp/tcp/server/uploadTest.txt</file_name><file_mtime>20250722110423</file_mtime><file_size>13</file_size>) ...... success.
2025-07-25 15:50:04 server recv file(server recv file2025-07-25 15:50:14 send file info(<file_name>/tmp/tcp/server/uploadTest.txt</file_name><file_mtime>20250722110423</file_mtime><file_size>13</file_size>) ...... success.
2025-07-25 15:50:14 server recv file(server recv file2025-07-25 15:50:24 send file info(<file_name>/tmp/tcp/server/uploadTest.txt</file_name><file_mtime>20250722110423</file_mtime><file_size>13</file_size>) ...... success.
2025-07-25 15:50:24 server recv file(server recv file2025-07-25 15:50:34 send file info(<file_name>/tmp/tcp/server/uploadTest.txt</file_name><file_mtime>20250722110423</file_mtime><file_size>13</file_size>) ...... success.
2025-07-25 15:50:34 server recv file(server recv file2025-07-25 15:50:44 send file info(<file_name>/tmp/tcp/server/uploadTest.txt</file_name><file_mtime>20250722110423</file_mtime><file_size>13</file_size>) ...... success.
2025-07-25 15:50:44 server recv file(server recv file2025-07-25 15:50:54 send file info(<file_name>/tmp/tcp/server/uploadTest.txt</file_name><file_mtime>20250722110423</file_mtime><file_size>13</file_size>) ...... success.
2025-07-25 15:50:54 server recv file(server recv file2025-07-25 15:51:04 send file info(<file_name>/tmp/tcp/server/uploadTest.txt</file_name><file_mtime>20250722110423</file_mtime><file_size>13</file_size>) ...... success.
2025-07-25 15:51:04 server recv file(server recv file2025-07-25 15:51:14 send file info(<file_name>/tmp/tcp/server/uploadTest.txt</file_name><file_mtime>20250722110423</file_mtime><file_size>13</file_size>) ...... success.
2025-07-25 15:51:14 server recv file(server recv file2025-07-25 15:51:24 send file info(<file_name>/tmp/tcp/server/uploadTest.txt</file_name><file_mtime>20250722110423</file_mtime><file_size>13</file_size>) ...... success.
2025-07-25 15:51:24 server recv file(server recv file2025-07-25 15:51:34 send file info(<file_name>/tmp/tcp/server/uploadTest.txt</file_name><file_mtime>20250722110423</file_mtime><file_size>13</file_size>) ...... success.
2025-07-25 15:51:34 server recv file(server recv file2025-07-25 15:51:44 send file info(<file_name>/tmp/tcp/server/uploadTest.txt</file_name><file_mtime>20250722110423</file_mtime><file_size>13</file_size>) ...... success.
2025-07-25 15:51:44 server recv file(server recv file2025-07-25 15:51:54 send file info(<file_name>/tmp/tcp/server/uploadTest.txt</file_name><file_mtime>20250722110423</file_mtime><file_size>13</file_size>) ...... success.
2025-07-25 15:51:54 server recv file(server recv file2025-07-25 15:52:04 send file info(<file_name>/tmp/tcp/server/uploadTest.txt</file_name><file_mtime>20250722110423</file_mtime><file_size>13</file_size>) ...... success.
2025-07-25 15:52:04 server recv file(server recv file2025-07-25 15:52:14 send file info(<file_name>/tmp/tcp/server/uploadTest.txt</file_name><file_mtime>20250722110423</file_mtime><file_size>13</file_size>) ...... success.
2025-07-25 15:52:14 server recv file(server recv file2025-07-25 15:52:24 send file info(<file_name>/tmp/tcp/server/uploadTest.txt</file_name><file_mtime>20250722110423</file_mtime><file_size>13</file_size>) ...... success.
2025-07-25 15:52:24 server recv file(server recv file2025-07-25 15:52:34 send file info(<file_name>/tmp/tcp/server/uploadTest.txt</file_name><file_mtime>20250722110423</file_mtime><file_size>13</file_size>) ...... success.
2025-07-25 15:52:34 server recv file(server recv file2025-07-25 15:52:44 send file info(<file_name>/tmp/tcp/server/uploadTest.txt</file_name><file_mtime>20250722110423</file_mtime><file_size>13</file_size>) ...... success.
2025-07-25 15:52:44 server recv file(server recv file2025-07-25 15:52:54 send file info(<file_name>/tmp/tcp/server/uploadTest.txt</file_name><file_mtime>20250722110423</file_mtime><file_size>13</file_size>) ...... success.
2025-07-25 15:52:54 server recv file(server recv file2025-07-25 15:53:04 send file info(<file_name>/tmp/tcp/server/uploadTest.txt</file_name><file_mtime>20250722110423</file_mtime><file_size>13</file_size>) ...... success.
2025-07-25 15:53:04 server recv file(server recv file2025-07-25 15:53:14 send file info(<file_name>/tmp/tcp/server/uploadTest.txt</file_name><file_mtime>20250722110423</file_mtime><file_size>13</file_size>) ...... success.
2025-07-25 15:53:14 server recv file(server recv file2025-07-25 15:53:24 send file info(<file_name>/tmp/tcp/server/uploadTest.txt</file_name><file_mtime>20250722110423</file_mtime><file_size>13</file_size>) ...... success.
2025-07-25 15:53:24 server recv file(server recv file2025-07-25 15:53:34 send file info(<file_name>/tmp/tcp/server/uploadTest.txt</file_name><file_mtime>20250722110423</file_mtime><file_size>13</file_size>) ...... success.
2025-07-25 15:53:34 server recv file(server recv file2025-07-25 15:53:44 send file info(<file_name>/tmp/tcp/server/uploadTest.txt</file_name><file_mtime>20250722110423</file_mtime><file_size>13</file_size>) ...... success.
2025-07-25 15:53:44 server recv file(server recv file2025-07-25 15:53:48 Child process exit, sig = 2.
2025-07-25 15:53:48 Father process exit, sig = 2.
2025-07-25 15:58:02 ---------------------------------
2025-07-25 15:58:02 tcp_server.init_server(5005) success.
2025-07-25 15:58:05 accept a client(192.168.59.132).
2025-07-25 15:58:05 Tcp client: 192.168.59.132 login success.
2025-07-25 15:58:05 send file info(<file_name>/tmp/tcp/server/uploadTest.txt</file_name><file_mtime>20250722110423</file_mtime><file_size>13</file_size>) ...... success.
2025-07-25 15:58:15 send file info(<file_name>/tmp/tcp/server/uploadTest.txt</file_name><file_mtime>20250722110423</file_mtime><file_size>13</file_size>) ...... success.
2025-07-25 15:58:25 send file info(<file_name>/tmp/tcp/server/uploadTest.txt</file_name><file_mtime>20250722110423</file_mtime><file_size>13</file_size>) ...... success.
2025-07-25 15:58:25 server recv file(server recv file2025-07-25 15:58:35 send file info(<file_name>/tmp/tcp/server/uploadTest.txt</file_name><file_mtime>20250722110423</file_mtime><file_size>13</file_size>) ...... success.
2025-07-25 15:58:35 server recv file(server recv file2025-07-25 15:58:45 send file info(<file_name>/tmp/tcp/server/uploadTest.txt</file_name><file_mtime>20250722110423</file_mtime><file_size>13</file_size>) ...... success.
2025-07-25 15:58:45 server recv file(server recv file2025-07-25 15:58:55 send file info(<file_name>/tmp/tcp/server/uploadTest.txt</file_name><file_mtime>20250722110423</file_mtime><file_size>13</file_size>) ...... success.
2025-07-25 15:58:55 server recv file(server recv file2025-07-25 15:59:05 send file info(<file_name>/tmp/tcp/server/uploadTest.txt</file_name><file_mtime>20250722110423</file_mtime><file_size>13</file_size>) ...... success.
2025-07-25 15:59:05 server recv file(server recv file2025-07-25 15:59:10 Child process exit, sig = 2.
2025-07-25 15:59:10 Father process exit, sig = 2.
2025-07-25 15:59:18 ---------------------------------
2025-07-25 15:59:18 tcp_server.init_server(5005) success.
2025-07-25 15:59:20 accept a client(192.168.59.132).
2025-07-25 15:59:20 Tcp client: 192.168.59.132 login success.
2025-07-25 15:59:20 send file info(/tmp/tcp/server/uploadTest.txt) ...... success.
2025-07-25 15:59:30 send file info(/tmp/tcp/server/uploadTest.txt) ...... success.
2025-07-25 15:59:40 send file info(/tmp/tcp/server/uploadTest.txt) ...... success.
2025-07-25 15:59:40 server recv file failed, upload result().
2025-07-25 15:59:50 send file info(/tmp/tcp/server/uploadTest.txt) ...... success.
2025-07-25 15:59:50 server recv file failed, upload result().
2025-07-25 16:00:00 send file info(/tmp/tcp/server/uploadTest.txt) ...... success.
2025-07-25 16:00:00 server recv file failed, upload result().
2025-07-25 16:00:09 Father process exit, sig = 2.
2025-07-25 16:00:09 Child process exit, sig = 2.
2025-07-25 19:02:35 ---------------------------------
2025-07-25 19:02:35 tcp_server.init_server(5005) success.
2025-07-25 19:02:41 accept a client(192.168.59.132).
2025-07-25 19:02:41 Tcp client: 192.168.59.132 login success.
2025-07-25 19:02:41 send file(/tmp/tcp/server/uploadTest.txt) ...... success.
2025-07-25 19:02:51 send file(/tmp/tcp/server/uploadTest.txt) ...... success.
2025-07-25 19:03:01 send file(/tmp/tcp/server/uploadTest.txt) ...... success.
2025-07-25 19:03:11 send file(/tmp/tcp/server/uploadTest.txt) ...... success.
2025-07-25 19:03:21 send file(/tmp/tcp/server/uploadTest.txt) ...... success.
2025-07-25 19:03:31 send file(/tmp/tcp/server/uploadTest.txt) ...... success.
2025-07-25 19:03:41 send file(/tmp/tcp/server/uploadTest.txt) ...... success.
2025-07-25 19:03:51 send file(/tmp/tcp/server/uploadTest.txt) ...... success.
2025-07-25 19:04:01 send file(/tmp/tcp/server/uploadTest.txt) ...... success.
2025-07-25 19:04:11 send file(/tmp/tcp/server/uploadTest.txt) ...... success.
2025-07-25 19:04:21 send file(/tmp/tcp/server/uploadTest.txt) ...... success.
2025-07-25 19:04:31 send file(/tmp/tcp/server/uploadTest.txt) ...... success.
2025-07-25 19:04:41 send file(/tmp/tcp/server/uploadTest.txt) ...... success.
2025-07-25 19:04:51 send file(/tmp/tcp/server/uploadTest.txt) ...... success.
2025-07-25 19:05:01 send file(/tmp/tcp/server/uploadTest.txt) ...... success.
2025-07-25 19:05:11 send file(/tmp/tcp/server/uploadTest.txt) ...... success.
2025-07-25 19:05:21 send file(/tmp/tcp/server/uploadTest.txt) ...... success.
2025-07-25 19:05:31 send file(/tmp/tcp/server/uploadTest.txt) ...... success.
2025-07-25 19:05:41 send file(/tmp/tcp/server/uploadTest.txt) ...... success.
2025-07-25 19:05:51 send file(/tmp/tcp/server/uploadTest.txt) ...... success.
2025-07-25 19:06:01 send file(/tmp/tcp/server/uploadTest.txt) ...... success.
2025-07-25 19:06:11 send file(/tmp/tcp/server/uploadTest.txt) ...... success.
2025-07-25 19:06:21 send file(/tmp/tcp/server/uploadTest.txt) ...... success.
2025-07-25 19:06:31 send file(/tmp/tcp/server/uploadTest.txt) ...... success.
2025-07-25 19:06:41 send file(/tmp/tcp/server/uploadTest.txt) ...... success.
2025-07-25 19:06:51 send file(/tmp/tcp/server/uploadTest.txt) ...... success.
2025-07-25 19:07:01 send file(/tmp/tcp/server/uploadTest.txt) ...... success.
2025-07-25 19:07:11 send file(/tmp/tcp/server/uploadTest.txt) ...... success.
2025-07-25 19:07:21 send file(/tmp/tcp/server/uploadTest.txt) ...... success.
2025-07-25 19:07:31 send file(/tmp/tcp/server/uploadTest.txt) ...... success.
2025-07-25 19:07:41 send file(/tmp/tcp/server/uploadTest.txt) ...... success.
2025-07-25 19:07:51 send file(/tmp/tcp/server/uploadTest.txt) ...... success.
2025-07-25 19:08:01 send file(/tmp/tcp/server/uploadTest.txt) ...... success.
2025-07-25 19:08:11 send file(/tmp/tcp/server/uploadTest.txt) ...... success.
2025-07-25 19:08:21 send file(/tmp/tcp/server/uploadTest.txt) ...... success.
2025-07-25 19:08:31 send file(/tmp/tcp/server/uploadTest.txt) ...... success.
2025-07-25 19:08:41 send file(/tmp/tcp/server/uploadTest.txt) ...... success.
2025-07-25 19:08:51 send file(/tmp/tcp/server/uploadTest.txt) ...... success.
2025-07-25 19:09:01 send file(/tmp/tcp/server/uploadTest.txt) ...... success.
2025-07-25 19:09:11 send file(/tmp/tcp/server/uploadTest.txt) ...... success.
2025-07-25 19:09:21 send file(/tmp/tcp/server/uploadTest.txt) ...... success.
2025-07-25 19:09:31 send file(/tmp/tcp/server/uploadTest.txt) ...... success.
2025-07-25 19:09:41 send file(/tmp/tcp/server/uploadTest.txt) ...... success.
2025-07-25 19:09:51 send file(/tmp/tcp/server/uploadTest.txt) ...... success.
2025-07-25 19:10:01 send file(/tmp/tcp/server/uploadTest.txt) ...... success.
2025-07-25 19:10:11 send file(/tmp/tcp/server/uploadTest.txt) ...... success.
2025-07-25 19:10:21 send file(/tmp/tcp/server/uploadTest.txt) ...... success.
2025-07-25 19:10:31 send file(/tmp/tcp/server/uploadTest.txt) ...... success.
2025-07-25 19:10:41 send file(/tmp/tcp/server/uploadTest.txt) ...... success.
2025-07-25 19:10:51 send file(/tmp/tcp/server/uploadTest.txt) ...... success.
2025-07-25 19:11:01 send file(/tmp/tcp/server/uploadTest.txt) ...... success.
2025-07-25 19:11:11 send file(/tmp/tcp/server/uploadTest.txt) ...... success.
2025-07-25 19:11:21 send file(/tmp/tcp/server/uploadTest.txt) ...... success.
2025-07-25 19:11:31 send file(/tmp/tcp/server/uploadTest.txt) ...... success.
2025-07-25 19:11:41 send file(/tmp/tcp/server/uploadTest.txt) ...... success.
2025-07-25 19:11:51 send file(/tmp/tcp/server/uploadTest.txt) ...... success.
2025-07-25 19:11:51 send file(/tmp/tcp/server/uploadTest2.doc) ...... success.
2025-07-25 19:12:01 send file(/tmp/tcp/server/uploadTest.txt) ...... success.
2025-07-25 19:12:01 send file(/tmp/tcp/server/uploadTest2.doc) ...... success.
2025-07-25 19:12:09 Child process exit, sig = 2.
2025-07-25 19:12:09 Father process exit, sig = 2.
2025-07-25 19:12:35 ---------------------------------
2025-07-25 19:12:35 tcp_server.init_server(5005) success.
2025-07-25 19:12:38 accept a client(192.168.59.132).
2025-07-25 19:12:38 Tcp client: 192.168.59.132 login success.
2025-07-25 19:12:38 send file(/tmp/tcp/server/uploadTest.txt) ...... success.
2025-07-25 19:12:38 send file(/tmp/tcp/server/uploadTest2.doc) ...... success.
2025-07-25 19:12:48 send file(/tmp/tcp/server/uploadTest.txt) ...... success.
2025-07-25 19:12:48 send file(/tmp/tcp/server/uploadTest2.doc) ...... 2025-07-25 19:12:48 open file(/tmp/tcp/server/uploadTest2.doc) failed.
failed.
2025-07-25 19:12:48 _tcpPutFiles() failed.
2025-07-25 19:12:48 Child process exit, sig = 0.
2025-07-25 19:34:27 Father process exit, sig = 2.
2025-07-25 19:34:30 ---------------------------------
2025-07-25 19:34:30 tcp_server.init_server(5005) success.
2025-07-25 19:35:08 accept a client(192.168.59.132).
2025-07-25 19:35:08 Tcp client: 192.168.59.132 login success.
2025-07-25 19:35:08 send file(/tmp/tcp/server/uploadTest.txt) ...... success.
2025-07-25 19:35:08 send file(/tmp/tcp/server/uploadTest2.doc) ...... success.
2025-07-25 19:35:18 send file(/tmp/tcp/server/uploadTest.txt) ...... success.
2025-07-25 19:35:18 send file(/tmp/tcp/server/uploadTest2.doc) ...... 2025-07-25 19:35:18 open file(/tmp/tcp/server/uploadTest2.doc) failed.
failed.
2025-07-25 19:35:18 _tcpPutFiles() failed.
2025-07-25 19:35:18 Child process exit, sig = 0.
2025-07-25 19:44:18 accept a client(192.168.59.132).
2025-07-25 19:44:18 Tcp client: 192.168.59.132 login success.
2025-07-25 19:44:18 send file(/tmp/tcp/server/uploadTest.txt) ...... success.
2025-07-25 19:44:18 send file(/tmp/tcp/server/bak/uploadTest2.doc) ...... success.
2025-07-25 19:44:28 send file(/tmp/tcp/server/uploadTest.txt) ...... success.
2025-07-25 19:44:28 send file(/tmp/tcp/server/bak/uploadTest2.doc) ...... 2025-07-25 19:44:28 open file(/tmp/tcp/server/bak/uploadTest2.doc) failed.
failed.
2025-07-25 19:44:28 _tcpPutFiles() failed.
2025-07-25 19:44:28 Child process exit, sig = 0.
2025-07-25 19:44:37 accept a client(192.168.59.132).
2025-07-25 19:44:37 Tcp client: 192.168.59.132 login success.
2025-07-25 19:44:37 send file(/tmp/tcp/server/uploadTest.txt) ...... success.
2025-07-25 19:44:47 send file(/tmp/tcp/server/uploadTest.txt) ...... success.
2025-07-25 19:44:57 send file(/tmp/tcp/server/uploadTest.txt) ...... success.
2025-07-25 19:45:13 Father process exit, sig = 2.
2025-07-25 19:45:13 Child process exit, sig = 15.
2025-07-25 19:48:03 ---------------------------------
2025-07-25 19:48:03 tcp_server.init_server(5005) success.
2025-07-25 19:48:09 accept a client(192.168.59.132).
2025-07-25 19:48:09 Tcp client: 192.168.59.132 login success.
2025-07-25 19:50:09 send file(/tmp/tcp/server/uploadTest2.doc) ...... success.
2025-07-25 19:50:09 send file(/tmp/tcp/server/uploadTest.txt) ...... success.
2025-07-25 19:50:19 send file(/tmp/tcp/server/uploadTest2.doc) ...... success.
2025-07-25 19:50:19 send file(/tmp/tcp/server/uploadTest.txt) ...... 2025-07-25 19:50:19 open file(/tmp/tcp/server/uploadTest.txt) failed.
failed.
2025-07-25 19:50:19 _tcpPutFiles() failed.
2025-07-25 19:50:19 Child process exit, sig = 0.
2025-07-25 19:51:30 accept a client(192.168.59.132).
2025-07-25 19:51:30 Tcp client: 192.168.59.132 login success.
2025-07-25 19:51:30 send file(/tmp/tcp/server/uploadTest2.doc) ...... success.
2025-07-25 19:51:40 send file(/tmp/tcp/server/uploadTest2.doc) ...... success.
2025-07-25 19:51:50 send file(/tmp/tcp/server/uploadTest2.doc) ...... success.
2025-07-25 19:53:47 Father process exit, sig = 2.
2025-07-25 19:53:47 Child process exit, sig = 2.
2025-07-25 19:54:42 ---------------------------------
2025-07-25 19:54:42 tcp_server.init_server(5005) success.
2025-07-25 19:54:45 accept a client(192.168.59.132).
2025-07-25 19:54:45 Tcp client: 192.168.59.132 login success.
2025-07-25 19:54:45 send file(/tmp/tcp/server/uploadTest2.doc) ...... success.
2025-07-25 19:54:45 send file(/tmp/tcp/server/uploadTest.txt) ...... success.
2025-07-25 19:54:55 send file(/tmp/tcp/server/uploadTest2.doc) ...... success.
2025-07-25 19:54:55 send file(/tmp/tcp/server/uploadTest.txt) ...... 2025-07-25 19:54:55 open file(/tmp/tcp/server/uploadTest.txt) failed.
failed.
2025-07-25 19:54:55 _tcpPutFiles() failed.
2025-07-25 19:54:55 Child process exit, sig = 0.
2025-07-25 19:58:01 Father process exit, sig = 2.
2025-07-25 20:03:43 ---------------------------------
2025-07-25 20:03:43 tcp_server.init_server(5005) success.
2025-07-25 20:03:45 accept a client(192.168.59.132).
2025-07-25 20:03:45 Tcp client: 192.168.59.132 login success.
2025-07-25 20:03:45 send file(/tmp/tcp/server/uploadTest2.doc) ...... success.
2025-07-25 20:03:45 When sended file(/tmp/tcp/server/uploadTest2.doc), receive back info from client failed.
2025-07-25 20:03:45 send file(/tmp/tcp/server/uploadTest.txt) ...... success.
2025-07-25 20:03:45 When sended file(/tmp/tcp/server/uploadTest.txt), receive back info from client failed.
receive back info from client failed.
2025-07-25 20:03:55 send file(/tmp/tcp/server/uploadTest.txt) ...... success.
2025-07-25 20:03:55 When sended file(/tmp/tcp/server/uploadTest.txt), receive back info from client failed.
receive back info from client failed.
2025-07-25 20:04:05 send file(/tmp/tcp/server/uploadTest.txt) ...... success.
2025-07-25 20:04:24 Child process exit, sig = 2.
2025-07-25 20:04:24 Father process exit, sig = 2.
